25-01-19.12:30:13.956 [main            ] INFO  StrategyArmoryTest     - Starting StrategyArmoryTest using Java 17.0.2 on BestHul with PID 13416 (started by 34404 in D:\Learning\bugstack\big-market-huling\big-market-huling-app)
25-01-19.12:30:13.957 [main            ] INFO  StrategyArmoryTest     - The following 1 profile is active: "dev"
25-01-19.12:30:14.546 [main            ] INFO  RepositoryConfigurationDelegate - Multiple Spring Data modules found, entering strict repository configuration mode
25-01-19.12:30:14.551 [main            ] INFO  RepositoryConfigurationDelegate - Bootstrapping Spring Data Redis repositories in DEFAULT mode.
25-01-19.12:30:14.569 [main            ] INFO  RepositoryConfigurationDelegate - Finished Spring Data repository scanning in 9 ms. Found 0 Redis repository interfaces.
25-01-19.12:30:15.271 [main            ] INFO  Version                - Redisson 3.23.4
25-01-19.12:30:15.618 [redisson-netty-2-4] INFO  MasterPubSubConnectionPool - 1 connections initialized for 127.0.0.1/127.0.0.1:6379
25-01-19.12:30:15.664 [redisson-netty-2-13] INFO  MasterConnectionPool   - 5 connections initialized for 127.0.0.1/127.0.0.1:6379
25-01-19.12:30:17.775 [main            ] INFO  EndpointLinksResolver  - Exposing 1 endpoint(s) beneath base path '/actuator'
25-01-19.12:30:17.835 [main            ] INFO  StrategyArmoryTest     - Started StrategyArmoryTest in 4.214 seconds (JVM running for 4.743)
25-01-19.12:30:18.424 [main            ] INFO  HikariDataSource       - HikariPool-1 - Starting...
25-01-19.12:30:18.665 [main            ] INFO  HikariDataSource       - HikariPool-1 - Start completed.
25-01-19.12:30:18.726 [main            ] INFO  StrategyArmory         - 奖品101 概率范围8000
25-01-19.12:30:18.726 [main            ] INFO  StrategyArmory         - 奖品102 概率范围1000
25-01-19.12:30:18.726 [main            ] INFO  StrategyArmory         - 奖品103 概率范围500
25-01-19.12:30:18.726 [main            ] INFO  StrategyArmory         - 奖品104 概率范围300
25-01-19.12:30:18.726 [main            ] INFO  StrategyArmory         - 奖品105 概率范围100
25-01-19.12:30:18.726 [main            ] INFO  StrategyArmory         - 奖品106 概率范围90
25-01-19.12:30:18.727 [main            ] INFO  StrategyArmory         - 奖品107 概率范围10
25-01-19.12:30:18.809 [main            ] INFO  StrategyArmoryTest     - 测试结果：true
25-01-19.12:30:18.844 [SpringApplicationShutdownHook] INFO  HikariDataSource       - HikariPool-1 - Shutdown initiated...
25-01-19.12:30:18.857 [SpringApplicationShutdownHook] INFO  HikariDataSource       - HikariPool-1 - Shutdown completed.
25-01-19.12:33:18.728 [main            ] INFO  StrategyArmoryTest     - Starting StrategyArmoryTest using Java 17.0.2 on BestHul with PID 16268 (started by 34404 in D:\Learning\bugstack\big-market-huling\big-market-huling-app)
25-01-19.12:33:18.729 [main            ] INFO  StrategyArmoryTest     - The following 1 profile is active: "dev"
25-01-19.12:33:19.318 [main            ] INFO  RepositoryConfigurationDelegate - Multiple Spring Data modules found, entering strict repository configuration mode
25-01-19.12:33:19.320 [main            ] INFO  RepositoryConfigurationDelegate - Bootstrapping Spring Data Redis repositories in DEFAULT mode.
25-01-19.12:33:19.349 [main            ] INFO  RepositoryConfigurationDelegate - Finished Spring Data repository scanning in 11 ms. Found 0 Redis repository interfaces.
25-01-19.12:33:19.963 [main            ] INFO  Version                - Redisson 3.23.4
25-01-19.12:33:20.279 [redisson-netty-2-5] INFO  MasterPubSubConnectionPool - 1 connections initialized for 127.0.0.1/127.0.0.1:6379
25-01-19.12:33:20.296 [redisson-netty-2-13] INFO  MasterConnectionPool   - 5 connections initialized for 127.0.0.1/127.0.0.1:6379
25-01-19.12:33:22.543 [main            ] INFO  EndpointLinksResolver  - Exposing 1 endpoint(s) beneath base path '/actuator'
25-01-19.12:33:22.608 [main            ] INFO  StrategyArmoryTest     - Started StrategyArmoryTest in 4.205 seconds (JVM running for 4.741)
25-01-19.12:34:19.306 [main            ] INFO  StrategyArmoryTest     - Starting StrategyArmoryTest using Java 17.0.2 on BestHul with PID 23836 (started by 34404 in D:\Learning\bugstack\big-market-huling\big-market-huling-app)
25-01-19.12:34:19.307 [main            ] INFO  StrategyArmoryTest     - The following 1 profile is active: "dev"
25-01-19.12:34:19.921 [main            ] INFO  RepositoryConfigurationDelegate - Multiple Spring Data modules found, entering strict repository configuration mode
25-01-19.12:34:19.924 [main            ] INFO  RepositoryConfigurationDelegate - Bootstrapping Spring Data Redis repositories in DEFAULT mode.
25-01-19.12:34:19.948 [main            ] INFO  RepositoryConfigurationDelegate - Finished Spring Data repository scanning in 12 ms. Found 0 Redis repository interfaces.
25-01-19.12:34:20.601 [main            ] INFO  Version                - Redisson 3.23.4
25-01-19.12:34:20.925 [redisson-netty-2-4] INFO  MasterPubSubConnectionPool - 1 connections initialized for 127.0.0.1/127.0.0.1:6379
25-01-19.12:34:20.955 [redisson-netty-2-13] INFO  MasterConnectionPool   - 5 connections initialized for 127.0.0.1/127.0.0.1:6379
25-01-19.12:34:22.754 [main            ] INFO  EndpointLinksResolver  - Exposing 1 endpoint(s) beneath base path '/actuator'
25-01-19.12:34:22.840 [main            ] INFO  StrategyArmoryTest     - Started StrategyArmoryTest in 3.879 seconds (JVM running for 4.402)
25-01-19.12:34:23.363 [main            ] INFO  StrategyArmoryTest     - 测试结果：102 - 奖品ID值
25-01-19.12:34:48.092 [main            ] INFO  StrategyArmoryTest     - Starting StrategyArmoryTest using Java 17.0.2 on BestHul with PID 2208 (started by 34404 in D:\Learning\bugstack\big-market-huling\big-market-huling-app)
25-01-19.12:34:48.093 [main            ] INFO  StrategyArmoryTest     - The following 1 profile is active: "dev"
25-01-19.12:34:48.682 [main            ] INFO  RepositoryConfigurationDelegate - Multiple Spring Data modules found, entering strict repository configuration mode
25-01-19.12:34:48.685 [main            ] INFO  RepositoryConfigurationDelegate - Bootstrapping Spring Data Redis repositories in DEFAULT mode.
25-01-19.12:34:48.711 [main            ] INFO  RepositoryConfigurationDelegate - Finished Spring Data repository scanning in 12 ms. Found 0 Redis repository interfaces.
25-01-19.12:34:49.334 [main            ] INFO  Version                - Redisson 3.23.4
25-01-19.12:34:49.688 [redisson-netty-2-5] INFO  MasterPubSubConnectionPool - 1 connections initialized for 127.0.0.1/127.0.0.1:6379
25-01-19.12:34:49.716 [redisson-netty-2-13] INFO  MasterConnectionPool   - 5 connections initialized for 127.0.0.1/127.0.0.1:6379
25-01-19.12:34:51.935 [main            ] INFO  EndpointLinksResolver  - Exposing 1 endpoint(s) beneath base path '/actuator'
25-01-19.12:34:51.996 [main            ] INFO  StrategyArmoryTest     - Started StrategyArmoryTest in 4.235 seconds (JVM running for 4.772)
25-01-19.12:34:52.490 [main            ] INFO  StrategyArmoryTest     - 测试结果：103 - 奖品ID值
25-01-19.12:34:52.493 [main            ] INFO  StrategyArmoryTest     - 测试结果：101 - 奖品ID值
25-01-19.12:34:52.495 [main            ] INFO  StrategyArmoryTest     - 测试结果：101 - 奖品ID值
25-01-19.12:34:52.497 [main            ] INFO  StrategyArmoryTest     - 测试结果：101 - 奖品ID值
25-01-19.12:34:52.498 [main            ] INFO  StrategyArmoryTest     - 测试结果：101 - 奖品ID值
25-01-19.12:34:52.500 [main            ] INFO  StrategyArmoryTest     - 测试结果：102 - 奖品ID值
25-01-19.16:05:31.258 [main            ] INFO  StrategyArmoryTest     - Starting StrategyArmoryTest using Java 17.0.2 on BestHul with PID 10896 (started by 34404 in D:\Learning\bugstack\big-market-huling\big-market-huling-app)
25-01-19.16:05:31.259 [main            ] INFO  StrategyArmoryTest     - The following 1 profile is active: "dev"
25-01-19.16:05:31.840 [main            ] INFO  RepositoryConfigurationDelegate - Multiple Spring Data modules found, entering strict repository configuration mode
25-01-19.16:05:31.842 [main            ] INFO  RepositoryConfigurationDelegate - Bootstrapping Spring Data Redis repositories in DEFAULT mode.
25-01-19.16:05:31.867 [main            ] INFO  RepositoryConfigurationDelegate - Finished Spring Data repository scanning in 13 ms. Found 0 Redis repository interfaces.
25-01-19.16:05:32.623 [main            ] INFO  Version                - Redisson 3.23.4
25-01-19.16:05:32.918 [redisson-netty-2-4] INFO  MasterPubSubConnectionPool - 1 connections initialized for 127.0.0.1/127.0.0.1:6379
25-01-19.16:05:32.935 [redisson-netty-2-13] INFO  MasterConnectionPool   - 5 connections initialized for 127.0.0.1/127.0.0.1:6379
25-01-19.16:05:35.012 [main            ] INFO  EndpointLinksResolver  - Exposing 1 endpoint(s) beneath base path '/actuator'
25-01-19.16:05:35.068 [main            ] INFO  StrategyArmoryTest     - Started StrategyArmoryTest in 4.126 seconds (JVM running for 4.651)
25-01-19.16:05:35.538 [main            ] INFO  HikariDataSource       - HikariPool-1 - Starting...
25-01-19.16:05:35.751 [main            ] INFO  HikariDataSource       - HikariPool-1 - Start completed.
25-01-19.16:05:35.798 [main            ] INFO  StrategyArmoryDispatch - 奖品101 概率范围8000
25-01-19.16:05:35.798 [main            ] INFO  StrategyArmoryDispatch - 奖品102 概率范围1000
25-01-19.16:05:35.798 [main            ] INFO  StrategyArmoryDispatch - 奖品103 概率范围500
25-01-19.16:05:35.798 [main            ] INFO  StrategyArmoryDispatch - 奖品104 概率范围300
25-01-19.16:05:35.798 [main            ] INFO  StrategyArmoryDispatch - 奖品105 概率范围100
25-01-19.16:05:35.798 [main            ] INFO  StrategyArmoryDispatch - 奖品106 概率范围90
25-01-19.16:05:35.798 [main            ] INFO  StrategyArmoryDispatch - 奖品107 概率范围10
25-01-19.16:05:35.934 [main            ] ERROR StrategyArmoryDispatch - 抽奖概率总和不为100
25-01-19.16:05:35.988 [SpringApplicationShutdownHook] INFO  HikariDataSource       - HikariPool-1 - Shutdown initiated...
25-01-19.16:05:35.999 [SpringApplicationShutdownHook] INFO  HikariDataSource       - HikariPool-1 - Shutdown completed.
25-01-19.16:07:16.735 [main            ] INFO  StrategyArmoryTest     - Starting StrategyArmoryTest using Java 17.0.2 on BestHul with PID 17840 (started by 34404 in D:\Learning\bugstack\big-market-huling\big-market-huling-app)
25-01-19.16:07:16.737 [main            ] INFO  StrategyArmoryTest     - The following 1 profile is active: "dev"
25-01-19.16:07:17.328 [main            ] INFO  RepositoryConfigurationDelegate - Multiple Spring Data modules found, entering strict repository configuration mode
25-01-19.16:07:17.330 [main            ] INFO  RepositoryConfigurationDelegate - Bootstrapping Spring Data Redis repositories in DEFAULT mode.
25-01-19.16:07:17.354 [main            ] INFO  RepositoryConfigurationDelegate - Finished Spring Data repository scanning in 11 ms. Found 0 Redis repository interfaces.
25-01-19.16:07:18.080 [main            ] INFO  Version                - Redisson 3.23.4
25-01-19.16:07:18.352 [redisson-netty-2-4] INFO  MasterPubSubConnectionPool - 1 connections initialized for 127.0.0.1/127.0.0.1:6379
25-01-19.16:07:18.368 [redisson-netty-2-13] INFO  MasterConnectionPool   - 5 connections initialized for 127.0.0.1/127.0.0.1:6379
25-01-19.16:07:20.088 [main            ] INFO  EndpointLinksResolver  - Exposing 1 endpoint(s) beneath base path '/actuator'
25-01-19.16:07:20.139 [main            ] INFO  StrategyArmoryTest     - Started StrategyArmoryTest in 3.732 seconds (JVM running for 4.411)
25-01-19.16:07:20.578 [main            ] INFO  StrategyArmoryDispatch - 奖品101 概率范围8000
25-01-19.16:07:20.578 [main            ] INFO  StrategyArmoryDispatch - 奖品102 概率范围1000
25-01-19.16:07:20.578 [main            ] INFO  StrategyArmoryDispatch - 奖品103 概率范围500
25-01-19.16:07:20.578 [main            ] INFO  StrategyArmoryDispatch - 奖品104 概率范围300
25-01-19.16:07:20.578 [main            ] INFO  StrategyArmoryDispatch - 奖品105 概率范围100
25-01-19.16:07:20.578 [main            ] INFO  StrategyArmoryDispatch - 奖品106 概率范围90
25-01-19.16:07:20.579 [main            ] INFO  StrategyArmoryDispatch - 奖品107 概率范围10
25-01-19.16:07:20.741 [main            ] INFO  HikariDataSource       - HikariPool-1 - Starting...
25-01-19.16:07:20.995 [main            ] INFO  HikariDataSource       - HikariPool-1 - Start completed.
25-01-19.16:07:21.022 [main            ] INFO  StrategyArmoryDispatch - 奖品102 概率范围1000
25-01-19.16:07:21.022 [main            ] INFO  StrategyArmoryDispatch - 奖品103 概率范围500
25-01-19.16:07:21.022 [main            ] INFO  StrategyArmoryDispatch - 奖品104 概率范围300
25-01-19.16:07:21.022 [main            ] INFO  StrategyArmoryDispatch - 奖品105 概率范围100
25-01-19.16:07:21.022 [main            ] INFO  StrategyArmoryDispatch - 奖品106 概率范围90
25-01-19.16:07:21.023 [main            ] INFO  StrategyArmoryDispatch - 奖品107 概率范围10
25-01-19.16:07:21.058 [main            ] INFO  StrategyArmoryTest     - 测试结果：true
25-01-19.16:07:21.091 [SpringApplicationShutdownHook] INFO  HikariDataSource       - HikariPool-1 - Shutdown initiated...
25-01-19.16:07:21.101 [SpringApplicationShutdownHook] INFO  HikariDataSource       - HikariPool-1 - Shutdown completed.
25-01-19.16:10:25.210 [main            ] INFO  StrategyArmoryTest     - Starting StrategyArmoryTest using Java 17.0.2 on BestHul with PID 16652 (started by 34404 in D:\Learning\bugstack\big-market-huling\big-market-huling-app)
25-01-19.16:10:25.212 [main            ] INFO  StrategyArmoryTest     - The following 1 profile is active: "dev"
25-01-19.16:10:25.885 [main            ] INFO  RepositoryConfigurationDelegate - Multiple Spring Data modules found, entering strict repository configuration mode
25-01-19.16:10:25.888 [main            ] INFO  RepositoryConfigurationDelegate - Bootstrapping Spring Data Redis repositories in DEFAULT mode.
25-01-19.16:10:25.928 [main            ] INFO  RepositoryConfigurationDelegate - Finished Spring Data repository scanning in 19 ms. Found 0 Redis repository interfaces.
25-01-19.16:10:26.734 [main            ] INFO  Version                - Redisson 3.23.4
25-01-19.16:10:27.046 [redisson-netty-2-5] INFO  MasterPubSubConnectionPool - 1 connections initialized for 127.0.0.1/127.0.0.1:6379
25-01-19.16:10:27.066 [redisson-netty-2-13] INFO  MasterConnectionPool   - 5 connections initialized for 127.0.0.1/127.0.0.1:6379
25-01-19.16:10:29.115 [main            ] INFO  EndpointLinksResolver  - Exposing 1 endpoint(s) beneath base path '/actuator'
25-01-19.16:10:29.176 [main            ] INFO  StrategyArmoryTest     - Started StrategyArmoryTest in 4.338 seconds (JVM running for 4.868)
25-01-19.16:10:29.605 [main            ] INFO  HikariDataSource       - HikariPool-1 - Starting...
25-01-19.16:10:29.842 [main            ] INFO  HikariDataSource       - HikariPool-1 - Start completed.
25-01-19.16:10:29.892 [main            ] INFO  StrategyArmoryDispatch - 奖品101 概率范围8000
25-01-19.16:10:29.892 [main            ] INFO  StrategyArmoryDispatch - 奖品102 概率范围1000
25-01-19.16:10:29.892 [main            ] INFO  StrategyArmoryDispatch - 奖品103 概率范围500
25-01-19.16:10:29.892 [main            ] INFO  StrategyArmoryDispatch - 奖品104 概率范围300
25-01-19.16:10:29.892 [main            ] INFO  StrategyArmoryDispatch - 奖品105 概率范围100
25-01-19.16:10:29.893 [main            ] INFO  StrategyArmoryDispatch - 奖品106 概率范围90
25-01-19.16:10:29.893 [main            ] INFO  StrategyArmoryDispatch - 奖品107 概率范围10
25-01-19.16:10:30.022 [main            ] INFO  StrategyArmoryDispatch - 奖品102 概率范围1000
25-01-19.16:10:30.022 [main            ] INFO  StrategyArmoryDispatch - 奖品103 概率范围500
25-01-19.16:10:30.022 [main            ] INFO  StrategyArmoryDispatch - 奖品104 概率范围300
25-01-19.16:10:30.022 [main            ] INFO  StrategyArmoryDispatch - 奖品105 概率范围100
25-01-19.16:10:30.022 [main            ] INFO  StrategyArmoryDispatch - 奖品106 概率范围90
25-01-19.16:10:30.022 [main            ] INFO  StrategyArmoryDispatch - 奖品107 概率范围10
25-01-19.16:10:30.033 [main            ] INFO  StrategyArmoryTest     - 测试结果：true
25-01-19.16:10:30.055 [SpringApplicationShutdownHook] INFO  HikariDataSource       - HikariPool-1 - Shutdown initiated...
25-01-19.16:10:30.064 [SpringApplicationShutdownHook] INFO  HikariDataSource       - HikariPool-1 - Shutdown completed.
25-01-19.16:23:52.646 [main            ] INFO  StrategyArmoryTest     - Starting StrategyArmoryTest using Java 17.0.2 on BestHul with PID 12404 (started by 34404 in D:\Learning\bugstack\big-market-huling\big-market-huling-app)
25-01-19.16:23:52.646 [main            ] INFO  StrategyArmoryTest     - The following 1 profile is active: "dev"
25-01-19.16:23:53.236 [main            ] INFO  RepositoryConfigurationDelegate - Multiple Spring Data modules found, entering strict repository configuration mode
25-01-19.16:23:53.238 [main            ] INFO  RepositoryConfigurationDelegate - Bootstrapping Spring Data Redis repositories in DEFAULT mode.
25-01-19.16:23:53.267 [main            ] INFO  RepositoryConfigurationDelegate - Finished Spring Data repository scanning in 14 ms. Found 0 Redis repository interfaces.
25-01-19.16:23:53.982 [main            ] INFO  Version                - Redisson 3.23.4
25-01-19.16:23:54.249 [redisson-netty-2-5] INFO  MasterPubSubConnectionPool - 1 connections initialized for 127.0.0.1/127.0.0.1:6379
25-01-19.16:23:54.268 [redisson-netty-2-13] INFO  MasterConnectionPool   - 5 connections initialized for 127.0.0.1/127.0.0.1:6379
25-01-19.16:23:56.027 [main            ] INFO  EndpointLinksResolver  - Exposing 1 endpoint(s) beneath base path '/actuator'
25-01-19.16:23:56.096 [main            ] INFO  StrategyArmoryTest     - Started StrategyArmoryTest in 3.8 seconds (JVM running for 4.42)
25-01-19.16:23:56.479 [main            ] INFO  HikariDataSource       - HikariPool-1 - Starting...
25-01-19.16:23:56.712 [main            ] INFO  HikariDataSource       - HikariPool-1 - Start completed.
25-01-19.16:23:56.760 [main            ] INFO  StrategyArmoryDispatch - 奖品101 概率范围8000
25-01-19.16:23:56.760 [main            ] INFO  StrategyArmoryDispatch - 奖品102 概率范围1000
25-01-19.16:23:56.760 [main            ] INFO  StrategyArmoryDispatch - 奖品103 概率范围500
25-01-19.16:23:56.760 [main            ] INFO  StrategyArmoryDispatch - 奖品104 概率范围300
25-01-19.16:23:56.760 [main            ] INFO  StrategyArmoryDispatch - 奖品105 概率范围100
25-01-19.16:23:56.760 [main            ] INFO  StrategyArmoryDispatch - 奖品106 概率范围90
25-01-19.16:23:56.760 [main            ] INFO  StrategyArmoryDispatch - 奖品107 概率范围10
25-01-19.16:23:56.896 [main            ] INFO  StrategyArmoryDispatch - 奖品102 概率范围1000
25-01-19.16:23:56.896 [main            ] INFO  StrategyArmoryDispatch - 奖品103 概率范围500
25-01-19.16:23:56.896 [main            ] INFO  StrategyArmoryDispatch - 奖品104 概率范围300
25-01-19.16:23:56.896 [main            ] INFO  StrategyArmoryDispatch - 奖品105 概率范围100
25-01-19.16:23:56.896 [main            ] INFO  StrategyArmoryDispatch - 奖品106 概率范围90
25-01-19.16:23:56.896 [main            ] INFO  StrategyArmoryDispatch - 奖品107 概率范围10
25-01-19.16:23:56.909 [main            ] INFO  StrategyArmoryTest     - 测试结果：true
25-01-19.16:23:56.932 [SpringApplicationShutdownHook] INFO  HikariDataSource       - HikariPool-1 - Shutdown initiated...
25-01-19.16:23:56.940 [SpringApplicationShutdownHook] INFO  HikariDataSource       - HikariPool-1 - Shutdown completed.
25-01-19.16:24:40.567 [main            ] INFO  StrategyArmoryTest     - Starting StrategyArmoryTest using Java 17.0.2 on BestHul with PID 8220 (started by 34404 in D:\Learning\bugstack\big-market-huling\big-market-huling-app)
25-01-19.16:24:40.568 [main            ] INFO  StrategyArmoryTest     - The following 1 profile is active: "dev"
25-01-19.16:24:41.172 [main            ] INFO  RepositoryConfigurationDelegate - Multiple Spring Data modules found, entering strict repository configuration mode
25-01-19.16:24:41.175 [main            ] INFO  RepositoryConfigurationDelegate - Bootstrapping Spring Data Redis repositories in DEFAULT mode.
25-01-19.16:24:41.212 [main            ] INFO  RepositoryConfigurationDelegate - Finished Spring Data repository scanning in 16 ms. Found 0 Redis repository interfaces.
25-01-19.16:24:41.964 [main            ] INFO  Version                - Redisson 3.23.4
25-01-19.16:24:42.225 [redisson-netty-2-4] INFO  MasterPubSubConnectionPool - 1 connections initialized for 127.0.0.1/127.0.0.1:6379
25-01-19.16:24:42.243 [redisson-netty-2-13] INFO  MasterConnectionPool   - 5 connections initialized for 127.0.0.1/127.0.0.1:6379
25-01-19.16:24:44.048 [main            ] INFO  EndpointLinksResolver  - Exposing 1 endpoint(s) beneath base path '/actuator'
25-01-19.16:24:44.101 [main            ] INFO  StrategyArmoryTest     - Started StrategyArmoryTest in 3.882 seconds (JVM running for 4.518)
25-01-19.16:24:44.509 [main            ] INFO  StrategyArmoryTest     - 测试结果：101 - 奖品ID值
25-01-19.16:24:44.511 [main            ] INFO  StrategyArmoryTest     - 测试结果：101 - 奖品ID值
25-01-19.16:24:44.513 [main            ] INFO  StrategyArmoryTest     - 测试结果：101 - 奖品ID值
25-01-19.16:24:44.515 [main            ] INFO  StrategyArmoryTest     - 测试结果：101 - 奖品ID值
25-01-19.16:24:44.517 [main            ] INFO  StrategyArmoryTest     - 测试结果：101 - 奖品ID值
25-01-19.16:24:44.518 [main            ] INFO  StrategyArmoryTest     - 测试结果：102 - 奖品ID值
25-01-19.16:26:21.030 [main            ] INFO  StrategyArmoryTest     - Starting StrategyArmoryTest using Java 17.0.2 on BestHul with PID 24392 (started by 34404 in D:\Learning\bugstack\big-market-huling\big-market-huling-app)
25-01-19.16:26:21.031 [main            ] INFO  StrategyArmoryTest     - The following 1 profile is active: "dev"
25-01-19.16:26:21.714 [main            ] INFO  RepositoryConfigurationDelegate - Multiple Spring Data modules found, entering strict repository configuration mode
25-01-19.16:26:21.716 [main            ] INFO  RepositoryConfigurationDelegate - Bootstrapping Spring Data Redis repositories in DEFAULT mode.
25-01-19.16:26:21.743 [main            ] INFO  RepositoryConfigurationDelegate - Finished Spring Data repository scanning in 11 ms. Found 0 Redis repository interfaces.
25-01-19.16:26:22.523 [main            ] INFO  Version                - Redisson 3.23.4
25-01-19.16:26:22.774 [redisson-netty-2-4] INFO  MasterPubSubConnectionPool - 1 connections initialized for 127.0.0.1/127.0.0.1:6379
25-01-19.16:26:22.790 [redisson-netty-2-13] INFO  MasterConnectionPool   - 5 connections initialized for 127.0.0.1/127.0.0.1:6379
25-01-19.16:26:24.593 [main            ] INFO  EndpointLinksResolver  - Exposing 1 endpoint(s) beneath base path '/actuator'
25-01-19.16:26:24.653 [main            ] INFO  StrategyArmoryTest     - Started StrategyArmoryTest in 4.029 seconds (JVM running for 4.647)
25-01-19.16:26:25.163 [main            ] INFO  StrategyArmoryTest     - 测试结果：102 - 奖品ID值
25-01-19.16:26:25.167 [main            ] INFO  StrategyArmoryTest     - 测试结果：104 - 奖品ID值
25-01-19.16:26:25.169 [main            ] INFO  StrategyArmoryTest     - 测试结果：102 - 奖品ID值
25-01-19.16:26:25.171 [main            ] INFO  StrategyArmoryTest     - 测试结果：102 - 奖品ID值
25-01-19.16:26:25.173 [main            ] INFO  StrategyArmoryTest     - 测试结果：103 - 奖品ID值
25-01-19.16:27:03.379 [main            ] INFO  StrategyArmoryTest     - Starting StrategyArmoryTest using Java 17.0.2 on BestHul with PID 23212 (started by 34404 in D:\Learning\bugstack\big-market-huling\big-market-huling-app)
25-01-19.16:27:03.380 [main            ] INFO  StrategyArmoryTest     - The following 1 profile is active: "dev"
25-01-19.16:27:04.007 [main            ] INFO  RepositoryConfigurationDelegate - Multiple Spring Data modules found, entering strict repository configuration mode
25-01-19.16:27:04.009 [main            ] INFO  RepositoryConfigurationDelegate - Bootstrapping Spring Data Redis repositories in DEFAULT mode.
25-01-19.16:27:04.030 [main            ] INFO  RepositoryConfigurationDelegate - Finished Spring Data repository scanning in 9 ms. Found 0 Redis repository interfaces.
25-01-19.16:27:04.859 [main            ] INFO  Version                - Redisson 3.23.4
25-01-19.16:27:05.178 [redisson-netty-2-4] INFO  MasterPubSubConnectionPool - 1 connections initialized for 127.0.0.1/127.0.0.1:6379
25-01-19.16:27:05.202 [redisson-netty-2-13] INFO  MasterConnectionPool   - 5 connections initialized for 127.0.0.1/127.0.0.1:6379
25-01-19.16:27:07.888 [main            ] INFO  EndpointLinksResolver  - Exposing 1 endpoint(s) beneath base path '/actuator'
25-01-19.16:27:07.991 [main            ] INFO  StrategyArmoryTest     - Started StrategyArmoryTest in 4.946 seconds (JVM running for 6.068)
25-01-19.16:36:48.970 [main            ] INFO  HikariDataSource       - HikariPool-1 - Starting...
25-01-19.16:36:49.767 [main            ] INFO  HikariDataSource       - HikariPool-1 - Start completed.
25-01-19.16:37:49.846 [HikariPool-1 housekeeper] WARN  HikariPool             - HikariPool-1 - Thread starvation or clock leap detected (housekeeper delta=56s315ms977µs200ns).
25-01-19.16:38:46.568 [main            ] INFO  StrategyArmoryDispatch - 奖品101 概率范围8000
25-01-19.16:38:51.816 [main            ] INFO  StrategyArmoryDispatch - 奖品102 概率范围1000
25-01-19.16:38:51.817 [main            ] INFO  StrategyArmoryDispatch - 奖品103 概率范围500
25-01-19.16:38:51.818 [main            ] INFO  StrategyArmoryDispatch - 奖品104 概率范围300
25-01-19.16:38:51.818 [main            ] INFO  StrategyArmoryDispatch - 奖品105 概率范围100
25-01-19.16:38:51.819 [main            ] INFO  StrategyArmoryDispatch - 奖品106 概率范围90
25-01-19.16:38:51.819 [main            ] INFO  StrategyArmoryDispatch - 奖品107 概率范围10
25-01-19.16:39:38.714 [main            ] INFO  StrategyArmoryDispatch - 奖品102 概率范围1000
25-01-19.16:39:38.715 [main            ] INFO  StrategyArmoryDispatch - 奖品103 概率范围500
25-01-19.16:39:38.715 [main            ] INFO  StrategyArmoryDispatch - 奖品104 概率范围300
25-01-19.16:39:38.716 [main            ] INFO  StrategyArmoryDispatch - 奖品105 概率范围100
25-01-19.16:39:38.716 [main            ] INFO  StrategyArmoryDispatch - 奖品106 概率范围90
25-01-19.16:39:38.716 [main            ] INFO  StrategyArmoryDispatch - 奖品107 概率范围10
25-01-19.16:40:36.735 [HikariPool-1 housekeeper] WARN  HikariPool             - HikariPool-1 - Thread starvation or clock leap detected (housekeeper delta=1m7s206ms542µs800ns).
25-01-19.16:40:37.036 [main            ] INFO  StrategyArmoryTest     - 测试结果：true
25-01-19.16:40:37.047 [SpringApplicationShutdownHook] INFO  HikariDataSource       - HikariPool-1 - Shutdown initiated...
25-01-19.16:40:37.058 [SpringApplicationShutdownHook] INFO  HikariDataSource       - HikariPool-1 - Shutdown completed.
25-01-19.21:35:11.405 [main            ] INFO  RaffleStrategyTest     - Starting RaffleStrategyTest using Java 17.0.2 on BestHul with PID 18756 (started by 34404 in D:\Learning\bugstack\big-market-huling\big-market-huling-app)
25-01-19.21:35:11.406 [main            ] INFO  RaffleStrategyTest     - The following 1 profile is active: "dev"
25-01-19.21:35:12.020 [main            ] INFO  RepositoryConfigurationDelegate - Multiple Spring Data modules found, entering strict repository configuration mode
25-01-19.21:35:12.024 [main            ] INFO  RepositoryConfigurationDelegate - Bootstrapping Spring Data Redis repositories in DEFAULT mode.
25-01-19.21:35:12.058 [main            ] INFO  RepositoryConfigurationDelegate - Finished Spring Data repository scanning in 13 ms. Found 0 Redis repository interfaces.
25-01-19.21:35:12.803 [main            ] INFO  Version                - Redisson 3.23.4
25-01-19.21:35:13.059 [redisson-netty-2-4] INFO  MasterPubSubConnectionPool - 1 connections initialized for 127.0.0.1/127.0.0.1:6379
25-01-19.21:35:13.078 [redisson-netty-2-13] INFO  MasterConnectionPool   - 5 connections initialized for 127.0.0.1/127.0.0.1:6379
25-01-19.21:35:14.933 [main            ] INFO  EndpointLinksResolver  - Exposing 1 endpoint(s) beneath base path '/actuator'
25-01-19.21:35:14.998 [main            ] INFO  RaffleStrategyTest     - Started RaffleStrategyTest in 3.907 seconds (JVM running for 4.497)
25-01-19.21:35:15.417 [main            ] INFO  RuleWeightLogicFilter  - 规则过滤-权重范围 userId:user strategyId:10001 ruleModel:rule_weight
25-01-19.21:35:15.435 [main            ] INFO  HikariDataSource       - HikariPool-1 - Starting...
25-01-19.21:35:15.625 [main            ] INFO  HikariDataSource       - HikariPool-1 - Start completed.
25-01-19.21:35:15.672 [main            ] INFO  DefaultRaffleStrategy  - 抽奖前规则过滤 userId: user ruleModel: rule_weight code: 0001 info: 接管：终止后续的流程，受规则引擎影响
25-01-19.21:35:15.860 [main            ] INFO  RaffleStrategyTest     - 请求参数：{"strategyId":10001,"userId":"user"}
25-01-19.21:35:15.862 [main            ] INFO  RaffleStrategyTest     - 测试结果：{"awardId":102}
25-01-19.21:35:15.881 [SpringApplicationShutdownHook] INFO  HikariDataSource       - HikariPool-1 - Shutdown initiated...
25-01-19.21:35:15.891 [SpringApplicationShutdownHook] INFO  HikariDataSource       - HikariPool-1 - Shutdown completed.
25-01-19.21:36:54.324 [main            ] INFO  RaffleStrategyTest     - Starting RaffleStrategyTest using Java 17.0.2 on BestHul with PID 20508 (started by 34404 in D:\Learning\bugstack\big-market-huling\big-market-huling-app)
25-01-19.21:36:54.325 [main            ] INFO  RaffleStrategyTest     - The following 1 profile is active: "dev"
25-01-19.21:36:54.950 [main            ] INFO  RepositoryConfigurationDelegate - Multiple Spring Data modules found, entering strict repository configuration mode
25-01-19.21:36:54.952 [main            ] INFO  RepositoryConfigurationDelegate - Bootstrapping Spring Data Redis repositories in DEFAULT mode.
25-01-19.21:36:54.979 [main            ] INFO  RepositoryConfigurationDelegate - Finished Spring Data repository scanning in 11 ms. Found 0 Redis repository interfaces.
25-01-19.21:36:55.724 [main            ] INFO  Version                - Redisson 3.23.4
25-01-19.21:36:56.010 [redisson-netty-2-4] INFO  MasterPubSubConnectionPool - 1 connections initialized for 127.0.0.1/127.0.0.1:6379
25-01-19.21:36:56.026 [redisson-netty-2-13] INFO  MasterConnectionPool   - 5 connections initialized for 127.0.0.1/127.0.0.1:6379
25-01-19.21:36:57.918 [main            ] INFO  EndpointLinksResolver  - Exposing 1 endpoint(s) beneath base path '/actuator'
25-01-19.21:36:57.971 [main            ] INFO  RaffleStrategyTest     - Started RaffleStrategyTest in 4.053 seconds (JVM running for 4.574)
25-01-19.21:36:58.453 [main            ] INFO  RuleWeightLogicFilter  - 规则过滤-权重范围 userId:user strategyId:10001 ruleModel:rule_weight
25-01-19.21:36:58.476 [main            ] INFO  HikariDataSource       - HikariPool-1 - Starting...
25-01-19.21:36:58.707 [main            ] INFO  HikariDataSource       - HikariPool-1 - Start completed.
25-01-19.21:36:58.732 [main            ] INFO  DefaultRaffleStrategy  - 抽奖前规则过滤 userId: user ruleModel: rule_weight code: 0000 info: 放行：执行后续的流程，不受规则引擎影响
25-01-19.21:36:58.820 [main            ] INFO  RaffleStrategyTest     - 请求参数：{"strategyId":10001,"userId":"user"}
25-01-19.21:36:58.828 [main            ] INFO  RaffleStrategyTest     - 测试结果：{"awardId":103,"strategyId":10001}
25-01-19.21:36:58.864 [SpringApplicationShutdownHook] INFO  HikariDataSource       - HikariPool-1 - Shutdown initiated...
25-01-19.21:36:58.876 [SpringApplicationShutdownHook] INFO  HikariDataSource       - HikariPool-1 - Shutdown completed.
25-01-19.21:37:28.435 [main            ] INFO  RaffleStrategyTest     - Starting RaffleStrategyTest using Java 17.0.2 on BestHul with PID 11376 (started by 34404 in D:\Learning\bugstack\big-market-huling\big-market-huling-app)
25-01-19.21:37:28.436 [main            ] INFO  RaffleStrategyTest     - The following 1 profile is active: "dev"
25-01-19.21:37:29.024 [main            ] INFO  RepositoryConfigurationDelegate - Multiple Spring Data modules found, entering strict repository configuration mode
25-01-19.21:37:29.026 [main            ] INFO  RepositoryConfigurationDelegate - Bootstrapping Spring Data Redis repositories in DEFAULT mode.
25-01-19.21:37:29.048 [main            ] INFO  RepositoryConfigurationDelegate - Finished Spring Data repository scanning in 11 ms. Found 0 Redis repository interfaces.
25-01-19.21:37:29.802 [main            ] INFO  Version                - Redisson 3.23.4
25-01-19.21:37:30.103 [redisson-netty-2-4] INFO  MasterPubSubConnectionPool - 1 connections initialized for 127.0.0.1/127.0.0.1:6379
25-01-19.21:37:30.125 [redisson-netty-2-13] INFO  MasterConnectionPool   - 5 connections initialized for 127.0.0.1/127.0.0.1:6379
25-01-19.21:37:32.143 [main            ] INFO  EndpointLinksResolver  - Exposing 1 endpoint(s) beneath base path '/actuator'
25-01-19.21:37:32.206 [main            ] INFO  RaffleStrategyTest     - Started RaffleStrategyTest in 4.077 seconds (JVM running for 4.605)
25-01-19.21:37:32.674 [main            ] INFO  HikariDataSource       - HikariPool-1 - Starting...
25-01-19.21:37:32.922 [main            ] INFO  HikariDataSource       - HikariPool-1 - Start completed.
25-01-19.21:37:32.973 [main            ] INFO  RuleBackListLogicFilter - 规则过滤-黑名单 userId:user strategyId:10001 ruleModel:rule_blacklist
25-01-19.21:37:32.989 [main            ] INFO  RuleWeightLogicFilter  - 规则过滤-权重范围 userId:user strategyId:10001 ruleModel:rule_weight
25-01-19.21:37:32.991 [main            ] INFO  DefaultRaffleStrategy  - 抽奖前规则过滤 userId: user ruleModel: rule_weight code: 0000 info: 放行：执行后续的流程，不受规则引擎影响
25-01-19.21:37:33.326 [main            ] INFO  RaffleStrategyTest     - 请求参数：{"strategyId":10001,"userId":"user"}
25-01-19.21:37:33.329 [main            ] INFO  RaffleStrategyTest     - 测试结果：{"awardId":103,"strategyId":10001}
25-01-19.21:37:33.354 [SpringApplicationShutdownHook] INFO  HikariDataSource       - HikariPool-1 - Shutdown initiated...
25-01-19.21:37:33.365 [SpringApplicationShutdownHook] INFO  HikariDataSource       - HikariPool-1 - Shutdown completed.
25-01-19.21:40:10.703 [main            ] INFO  RaffleStrategyTest     - Starting RaffleStrategyTest using Java 17.0.2 on BestHul with PID 2360 (started by 34404 in D:\Learning\bugstack\big-market-huling\big-market-huling-app)
25-01-19.21:40:10.704 [main            ] INFO  RaffleStrategyTest     - The following 1 profile is active: "dev"
25-01-19.21:40:11.296 [main            ] INFO  RepositoryConfigurationDelegate - Multiple Spring Data modules found, entering strict repository configuration mode
25-01-19.21:40:11.302 [main            ] INFO  RepositoryConfigurationDelegate - Bootstrapping Spring Data Redis repositories in DEFAULT mode.
25-01-19.21:40:11.331 [main            ] INFO  RepositoryConfigurationDelegate - Finished Spring Data repository scanning in 13 ms. Found 0 Redis repository interfaces.
25-01-19.21:40:12.046 [main            ] INFO  Version                - Redisson 3.23.4
25-01-19.21:40:12.331 [redisson-netty-2-4] INFO  MasterPubSubConnectionPool - 1 connections initialized for 127.0.0.1/127.0.0.1:6379
25-01-19.21:40:12.349 [redisson-netty-2-13] INFO  MasterConnectionPool   - 5 connections initialized for 127.0.0.1/127.0.0.1:6379
25-01-19.21:40:14.163 [main            ] INFO  EndpointLinksResolver  - Exposing 1 endpoint(s) beneath base path '/actuator'
25-01-19.21:40:14.227 [main            ] INFO  RaffleStrategyTest     - Started RaffleStrategyTest in 3.82 seconds (JVM running for 4.496)
25-01-19.21:40:14.650 [main            ] INFO  RuleBackListLogicFilter - 规则过滤-黑名单 userId:user strategyId:10001 ruleModel:rule_blacklist
25-01-19.21:40:14.673 [main            ] INFO  HikariDataSource       - HikariPool-1 - Starting...
25-01-19.21:40:14.918 [main            ] INFO  HikariDataSource       - HikariPool-1 - Start completed.
25-01-19.21:40:14.944 [main            ] INFO  DefaultRaffleStrategy  - 抽奖前规则过滤 userId: user ruleModel: null code: 0000 info: 放行：执行后续的流程，不受规则引擎影响
25-01-19.21:40:14.944 [main            ] INFO  RuleWeightLogicFilter  - 规则过滤-权重范围 userId:user strategyId:10001 ruleModel:rule_weight
25-01-19.21:40:14.946 [main            ] INFO  DefaultRaffleStrategy  - 抽奖前规则过滤 userId: user ruleModel: rule_weight code: 0000 info: 放行：执行后续的流程，不受规则引擎影响
25-01-19.21:40:15.093 [main            ] INFO  RaffleStrategyTest     - 请求参数：{"strategyId":10001,"userId":"user"}
25-01-19.21:40:15.098 [main            ] INFO  RaffleStrategyTest     - 测试结果：{"awardId":101,"strategyId":10001}
25-01-19.21:40:15.132 [SpringApplicationShutdownHook] INFO  HikariDataSource       - HikariPool-1 - Shutdown initiated...
25-01-19.21:40:15.150 [SpringApplicationShutdownHook] INFO  HikariDataSource       - HikariPool-1 - Shutdown completed.
25-01-19.21:42:22.254 [main            ] INFO  RaffleStrategyTest     - Starting RaffleStrategyTest using Java 17.0.2 on BestHul with PID 17504 (started by 34404 in D:\Learning\bugstack\big-market-huling\big-market-huling-app)
25-01-19.21:42:22.255 [main            ] INFO  RaffleStrategyTest     - The following 1 profile is active: "dev"
25-01-19.21:42:22.962 [main            ] INFO  RepositoryConfigurationDelegate - Multiple Spring Data modules found, entering strict repository configuration mode
25-01-19.21:42:22.965 [main            ] INFO  RepositoryConfigurationDelegate - Bootstrapping Spring Data Redis repositories in DEFAULT mode.
25-01-19.21:42:23.000 [main            ] INFO  RepositoryConfigurationDelegate - Finished Spring Data repository scanning in 15 ms. Found 0 Redis repository interfaces.
25-01-19.21:42:23.796 [main            ] INFO  Version                - Redisson 3.23.4
25-01-19.21:42:24.146 [redisson-netty-2-4] INFO  MasterPubSubConnectionPool - 1 connections initialized for 127.0.0.1/127.0.0.1:6379
25-01-19.21:42:24.162 [redisson-netty-2-13] INFO  MasterConnectionPool   - 5 connections initialized for 127.0.0.1/127.0.0.1:6379
25-01-19.21:42:26.427 [main            ] INFO  EndpointLinksResolver  - Exposing 1 endpoint(s) beneath base path '/actuator'
25-01-19.21:42:26.489 [main            ] INFO  RaffleStrategyTest     - Started RaffleStrategyTest in 4.545 seconds (JVM running for 5.06)
25-01-19.21:42:26.921 [main            ] INFO  RuleBackListLogicFilter - 规则过滤-黑名单 userId:user strategyId:10001 ruleModel:rule_blacklist
25-01-19.21:42:26.941 [main            ] INFO  HikariDataSource       - HikariPool-1 - Starting...
25-01-19.21:42:27.141 [main            ] INFO  HikariDataSource       - HikariPool-1 - Start completed.
25-01-19.21:42:27.164 [main            ] INFO  DefaultRaffleStrategy  - 抽奖前规则过滤 userId: user ruleModel: rule_blacklist code: 0000 info: 放行：执行后续的流程，不受规则引擎影响
25-01-19.21:42:27.165 [main            ] INFO  RuleWeightLogicFilter  - 规则过滤-权重范围 userId:user strategyId:10001 ruleModel:rule_weight
25-01-19.21:42:27.166 [main            ] INFO  DefaultRaffleStrategy  - 抽奖前规则过滤 userId: user ruleModel: rule_weight code: 0000 info: 放行：执行后续的流程，不受规则引擎影响
25-01-19.21:42:27.253 [main            ] INFO  RaffleStrategyTest     - 请求参数：{"strategyId":10001,"userId":"user"}
25-01-19.21:42:27.257 [main            ] INFO  RaffleStrategyTest     - 测试结果：{"awardId":101,"strategyId":10001}
25-01-19.21:42:27.277 [SpringApplicationShutdownHook] INFO  HikariDataSource       - HikariPool-1 - Shutdown initiated...
25-01-19.21:42:27.284 [SpringApplicationShutdownHook] INFO  HikariDataSource       - HikariPool-1 - Shutdown completed.
25-01-19.21:43:08.866 [main            ] INFO  RaffleStrategyTest     - Starting RaffleStrategyTest using Java 17.0.2 on BestHul with PID 7820 (started by 34404 in D:\Learning\bugstack\big-market-huling\big-market-huling-app)
25-01-19.21:43:08.867 [main            ] INFO  RaffleStrategyTest     - The following 1 profile is active: "dev"
25-01-19.21:43:09.470 [main            ] INFO  RepositoryConfigurationDelegate - Multiple Spring Data modules found, entering strict repository configuration mode
25-01-19.21:43:09.473 [main            ] INFO  RepositoryConfigurationDelegate - Bootstrapping Spring Data Redis repositories in DEFAULT mode.
25-01-19.21:43:09.499 [main            ] INFO  RepositoryConfigurationDelegate - Finished Spring Data repository scanning in 14 ms. Found 0 Redis repository interfaces.
25-01-19.21:43:10.242 [main            ] INFO  Version                - Redisson 3.23.4
25-01-19.21:43:10.497 [redisson-netty-2-4] INFO  MasterPubSubConnectionPool - 1 connections initialized for 127.0.0.1/127.0.0.1:6379
25-01-19.21:43:10.513 [redisson-netty-2-13] INFO  MasterConnectionPool   - 5 connections initialized for 127.0.0.1/127.0.0.1:6379
25-01-19.21:43:12.601 [main            ] INFO  EndpointLinksResolver  - Exposing 1 endpoint(s) beneath base path '/actuator'
25-01-19.21:43:12.671 [main            ] INFO  RaffleStrategyTest     - Started RaffleStrategyTest in 4.123 seconds (JVM running for 4.629)
25-01-19.21:43:13.088 [main            ] INFO  RuleBackListLogicFilter - 规则过滤-黑名单 userId:user strategyId:10001 ruleModel:rule_blacklist
25-01-19.21:43:13.109 [main            ] INFO  HikariDataSource       - HikariPool-1 - Starting...
25-01-19.21:43:13.358 [main            ] INFO  HikariDataSource       - HikariPool-1 - Start completed.
25-01-19.21:43:13.382 [main            ] INFO  DefaultRaffleStrategy  - 抽奖前规则过滤 userId: user ruleModel: rule_blacklist code: 0000 info: 放行：执行后续的流程，不受规则引擎影响
25-01-19.21:43:13.382 [main            ] INFO  RuleWeightLogicFilter  - 规则过滤-权重范围 userId:user strategyId:10001 ruleModel:rule_weight
25-01-19.21:43:13.384 [main            ] INFO  DefaultRaffleStrategy  - 抽奖前规则过滤 userId: user ruleModel: rule_weight code: 0001 info: 接管：终止后续的流程，受规则引擎影响
25-01-19.21:43:13.499 [main            ] INFO  RaffleStrategyTest     - 请求参数：{"strategyId":10001,"userId":"user"}
25-01-19.21:43:13.502 [main            ] INFO  RaffleStrategyTest     - 测试结果：{"awardId":102}
25-01-19.21:43:13.528 [SpringApplicationShutdownHook] INFO  HikariDataSource       - HikariPool-1 - Shutdown initiated...
25-01-19.21:43:13.536 [SpringApplicationShutdownHook] INFO  HikariDataSource       - HikariPool-1 - Shutdown completed.
25-01-19.21:43:35.265 [main            ] INFO  RaffleStrategyTest     - Starting RaffleStrategyTest using Java 17.0.2 on BestHul with PID 8920 (started by 34404 in D:\Learning\bugstack\big-market-huling\big-market-huling-app)
25-01-19.21:43:35.266 [main            ] INFO  RaffleStrategyTest     - The following 1 profile is active: "dev"
25-01-19.21:43:35.845 [main            ] INFO  RepositoryConfigurationDelegate - Multiple Spring Data modules found, entering strict repository configuration mode
25-01-19.21:43:35.848 [main            ] INFO  RepositoryConfigurationDelegate - Bootstrapping Spring Data Redis repositories in DEFAULT mode.
25-01-19.21:43:35.882 [main            ] INFO  RepositoryConfigurationDelegate - Finished Spring Data repository scanning in 16 ms. Found 0 Redis repository interfaces.
25-01-19.21:43:36.615 [main            ] INFO  Version                - Redisson 3.23.4
25-01-19.21:43:36.867 [redisson-netty-2-4] INFO  MasterPubSubConnectionPool - 1 connections initialized for 127.0.0.1/127.0.0.1:6379
25-01-19.21:43:36.882 [redisson-netty-2-13] INFO  MasterConnectionPool   - 5 connections initialized for 127.0.0.1/127.0.0.1:6379
25-01-19.21:43:38.818 [main            ] INFO  EndpointLinksResolver  - Exposing 1 endpoint(s) beneath base path '/actuator'
25-01-19.21:43:38.886 [main            ] INFO  RaffleStrategyTest     - Started RaffleStrategyTest in 3.93 seconds (JVM running for 4.46)
25-01-19.21:43:39.464 [main            ] INFO  RuleBackListLogicFilter - 规则过滤-黑名单 userId:user1 strategyId:10001 ruleModel:rule_blacklist
25-01-19.21:43:39.485 [main            ] INFO  HikariDataSource       - HikariPool-1 - Starting...
25-01-19.21:43:39.715 [main            ] INFO  HikariDataSource       - HikariPool-1 - Start completed.
25-01-19.21:43:39.739 [main            ] INFO  DefaultRaffleStrategy  - 抽奖前规则过滤 userId: user1 ruleModel: rule_blacklist code: 0001 info: 接管：终止后续的流程，受规则引擎影响
25-01-19.21:43:39.835 [main            ] INFO  RaffleStrategyTest     - 请求参数：{"strategyId":10001,"userId":"user1"}
25-01-19.21:43:39.839 [main            ] INFO  RaffleStrategyTest     - 测试结果：{"awardId":100}
25-01-19.21:43:39.878 [SpringApplicationShutdownHook] INFO  HikariDataSource       - HikariPool-1 - Shutdown initiated...
25-01-19.21:43:39.890 [SpringApplicationShutdownHook] INFO  HikariDataSource       - HikariPool-1 - Shutdown completed.
25-01-19.23:11:50.512 [main            ] INFO  RaffleStrategyTest     - Starting RaffleStrategyTest using Java 17.0.2 on BestHul with PID 7008 (started by 34404 in D:\Learning\bugstack\big-market-huling\big-market-huling-app)
25-01-19.23:11:50.512 [main            ] INFO  RaffleStrategyTest     - The following 1 profile is active: "dev"
25-01-19.23:11:51.123 [main            ] INFO  RepositoryConfigurationDelegate - Multiple Spring Data modules found, entering strict repository configuration mode
25-01-19.23:11:51.126 [main            ] INFO  RepositoryConfigurationDelegate - Bootstrapping Spring Data Redis repositories in DEFAULT mode.
25-01-19.23:11:51.158 [main            ] INFO  RepositoryConfigurationDelegate - Finished Spring Data repository scanning in 17 ms. Found 0 Redis repository interfaces.
25-01-19.23:11:51.918 [main            ] INFO  Version                - Redisson 3.23.4
25-01-19.23:11:52.194 [redisson-netty-2-4] INFO  MasterPubSubConnectionPool - 1 connections initialized for 127.0.0.1/127.0.0.1:6379
25-01-19.23:11:52.214 [redisson-netty-2-13] INFO  MasterConnectionPool   - 5 connections initialized for 127.0.0.1/127.0.0.1:6379
25-01-19.23:11:54.215 [main            ] INFO  EndpointLinksResolver  - Exposing 1 endpoint(s) beneath base path '/actuator'
25-01-19.23:11:54.284 [main            ] INFO  RaffleStrategyTest     - Started RaffleStrategyTest in 4.089 seconds (JVM running for 4.72)
25-01-19.23:11:54.803 [main            ] INFO  RuleBackListLogicFilter - 规则过滤-黑名单 userId:user strategyId:10001 ruleModel:rule_blacklist
25-01-19.23:11:54.822 [main            ] INFO  HikariDataSource       - HikariPool-1 - Starting...
25-01-19.23:11:55.019 [main            ] INFO  HikariDataSource       - HikariPool-1 - Start completed.
25-01-19.23:11:55.045 [main            ] INFO  DefaultRaffleStrategy  - 抽奖前规则过滤 userId: user ruleModel: rule_blacklist code: 0000 info: 放行：执行后续的流程，不受规则引擎影响
25-01-19.23:11:55.046 [main            ] INFO  RuleWeightLogicFilter  - 规则过滤-权重范围 userId:user strategyId:10001 ruleModel:rule_weight
25-01-19.23:11:55.048 [main            ] INFO  DefaultRaffleStrategy  - 抽奖前规则过滤 userId: user ruleModel: rule_weight code: 0001 info: 接管：终止后续的流程，受规则引擎影响
25-01-19.23:11:55.155 [main            ] INFO  RaffleStrategyTest     - 请求参数：{"strategyId":10001,"userId":"user"}
25-01-19.23:11:55.159 [main            ] INFO  RaffleStrategyTest     - 测试结果：{"awardId":104}
25-01-19.23:11:55.184 [SpringApplicationShutdownHook] INFO  HikariDataSource       - HikariPool-1 - Shutdown initiated...
25-01-19.23:11:55.192 [SpringApplicationShutdownHook] INFO  HikariDataSource       - HikariPool-1 - Shutdown completed.
25-01-19.23:12:38.903 [main            ] INFO  RaffleStrategyTest     - Starting RaffleStrategyTest using Java 17.0.2 on BestHul with PID 23656 (started by 34404 in D:\Learning\bugstack\big-market-huling\big-market-huling-app)
25-01-19.23:12:38.904 [main            ] INFO  RaffleStrategyTest     - The following 1 profile is active: "dev"
25-01-19.23:12:39.470 [main            ] INFO  RepositoryConfigurationDelegate - Multiple Spring Data modules found, entering strict repository configuration mode
25-01-19.23:12:39.475 [main            ] INFO  RepositoryConfigurationDelegate - Bootstrapping Spring Data Redis repositories in DEFAULT mode.
25-01-19.23:12:39.499 [main            ] INFO  RepositoryConfigurationDelegate - Finished Spring Data repository scanning in 11 ms. Found 0 Redis repository interfaces.
25-01-19.23:12:40.230 [main            ] INFO  Version                - Redisson 3.23.4
25-01-19.23:12:40.574 [redisson-netty-2-5] INFO  MasterPubSubConnectionPool - 1 connections initialized for 127.0.0.1/127.0.0.1:6379
25-01-19.23:12:40.596 [redisson-netty-2-13] INFO  MasterConnectionPool   - 5 connections initialized for 127.0.0.1/127.0.0.1:6379
25-01-19.23:12:42.314 [main            ] INFO  EndpointLinksResolver  - Exposing 1 endpoint(s) beneath base path '/actuator'
25-01-19.23:12:42.380 [main            ] INFO  RaffleStrategyTest     - Started RaffleStrategyTest in 3.796 seconds (JVM running for 4.317)
25-01-19.23:12:42.807 [main            ] INFO  RuleBackListLogicFilter - 规则过滤-黑名单 userId:user1 strategyId:10001 ruleModel:rule_blacklist
25-01-19.23:12:42.834 [main            ] INFO  HikariDataSource       - HikariPool-1 - Starting...
25-01-19.23:12:43.072 [main            ] INFO  HikariDataSource       - HikariPool-1 - Start completed.
25-01-19.23:12:43.104 [main            ] INFO  DefaultRaffleStrategy  - 抽奖前规则过滤 userId: user1 ruleModel: rule_blacklist code: 0001 info: 接管：终止后续的流程，受规则引擎影响
25-01-19.23:12:43.216 [main            ] INFO  RaffleStrategyTest     - 请求参数：{"strategyId":10001,"userId":"user1"}
25-01-19.23:12:43.221 [main            ] INFO  RaffleStrategyTest     - 测试结果：{"awardId":100}
25-01-19.23:12:43.243 [SpringApplicationShutdownHook] INFO  HikariDataSource       - HikariPool-1 - Shutdown initiated...
25-01-19.23:12:43.251 [SpringApplicationShutdownHook] INFO  HikariDataSource       - HikariPool-1 - Shutdown completed.
25-01-19.23:12:56.505 [main            ] INFO  RaffleStrategyTest     - Starting RaffleStrategyTest using Java 17.0.2 on BestHul with PID 15180 (started by 34404 in D:\Learning\bugstack\big-market-huling\big-market-huling-app)
25-01-19.23:12:56.506 [main            ] INFO  RaffleStrategyTest     - The following 1 profile is active: "dev"
25-01-19.23:12:57.298 [main            ] INFO  RepositoryConfigurationDelegate - Multiple Spring Data modules found, entering strict repository configuration mode
25-01-19.23:12:57.303 [main            ] INFO  RepositoryConfigurationDelegate - Bootstrapping Spring Data Redis repositories in DEFAULT mode.
25-01-19.23:12:57.349 [main            ] INFO  RepositoryConfigurationDelegate - Finished Spring Data repository scanning in 24 ms. Found 0 Redis repository interfaces.
25-01-19.23:12:58.202 [main            ] INFO  Version                - Redisson 3.23.4
25-01-19.23:12:58.525 [redisson-netty-2-4] INFO  MasterPubSubConnectionPool - 1 connections initialized for 127.0.0.1/127.0.0.1:6379
25-01-19.23:12:58.545 [redisson-netty-2-13] INFO  MasterConnectionPool   - 5 connections initialized for 127.0.0.1/127.0.0.1:6379
25-01-19.23:13:00.508 [main            ] INFO  EndpointLinksResolver  - Exposing 1 endpoint(s) beneath base path '/actuator'
25-01-19.23:13:00.563 [main            ] INFO  RaffleStrategyTest     - Started RaffleStrategyTest in 4.387 seconds (JVM running for 4.932)
25-01-19.23:13:01.041 [main            ] INFO  RuleBackListLogicFilter - 规则过滤-黑名单 userId:user strategyId:10001 ruleModel:rule_blacklist
25-01-19.23:13:01.060 [main            ] INFO  HikariDataSource       - HikariPool-1 - Starting...
25-01-19.23:13:01.254 [main            ] INFO  HikariDataSource       - HikariPool-1 - Start completed.
25-01-19.23:13:01.279 [main            ] INFO  DefaultRaffleStrategy  - 抽奖前规则过滤 userId: user ruleModel: rule_blacklist code: 0000 info: 放行：执行后续的流程，不受规则引擎影响
25-01-19.23:13:01.279 [main            ] INFO  RuleWeightLogicFilter  - 规则过滤-权重范围 userId:user strategyId:10001 ruleModel:rule_weight
25-01-19.23:13:01.282 [main            ] INFO  DefaultRaffleStrategy  - 抽奖前规则过滤 userId: user ruleModel: rule_weight code: 0001 info: 接管：终止后续的流程，受规则引擎影响
25-01-19.23:13:01.425 [main            ] INFO  RaffleStrategyTest     - 请求参数：{"strategyId":10001,"userId":"user"}
25-01-19.23:13:01.429 [main            ] INFO  RaffleStrategyTest     - 测试结果：{"awardId":105}
25-01-19.23:13:01.461 [SpringApplicationShutdownHook] INFO  HikariDataSource       - HikariPool-1 - Shutdown initiated...
25-01-19.23:13:01.474 [SpringApplicationShutdownHook] INFO  HikariDataSource       - HikariPool-1 - Shutdown completed.
25-01-19.23:15:45.060 [main            ] INFO  RaffleStrategyTest     - Starting RaffleStrategyTest using Java 17.0.2 on BestHul with PID 9136 (started by 34404 in D:\Learning\bugstack\big-market-huling\big-market-huling-app)
25-01-19.23:15:45.060 [main            ] INFO  RaffleStrategyTest     - The following 1 profile is active: "dev"
25-01-19.23:15:45.630 [main            ] INFO  RepositoryConfigurationDelegate - Multiple Spring Data modules found, entering strict repository configuration mode
25-01-19.23:15:45.636 [main            ] INFO  RepositoryConfigurationDelegate - Bootstrapping Spring Data Redis repositories in DEFAULT mode.
25-01-19.23:15:45.665 [main            ] INFO  RepositoryConfigurationDelegate - Finished Spring Data repository scanning in 12 ms. Found 0 Redis repository interfaces.
25-01-19.23:15:46.406 [main            ] INFO  Version                - Redisson 3.23.4
25-01-19.23:15:46.724 [redisson-netty-2-5] INFO  MasterPubSubConnectionPool - 1 connections initialized for 127.0.0.1/127.0.0.1:6379
25-01-19.23:15:46.744 [redisson-netty-2-13] INFO  MasterConnectionPool   - 5 connections initialized for 127.0.0.1/127.0.0.1:6379
25-01-19.23:15:49.115 [main            ] INFO  EndpointLinksResolver  - Exposing 1 endpoint(s) beneath base path '/actuator'
25-01-19.23:15:49.174 [main            ] INFO  RaffleStrategyTest     - Started RaffleStrategyTest in 4.43 seconds (JVM running for 4.959)
25-01-19.23:15:49.677 [main            ] INFO  HikariDataSource       - HikariPool-1 - Starting...
25-01-19.23:15:49.867 [main            ] INFO  HikariDataSource       - HikariPool-1 - Start completed.
25-01-19.23:15:49.911 [main            ] INFO  StrategyArmoryDispatch - 奖品101 概率范围100
25-01-19.23:15:49.912 [main            ] INFO  StrategyArmoryDispatch - 奖品102 概率范围1000
25-01-19.23:15:49.912 [main            ] INFO  StrategyArmoryDispatch - 奖品103 概率范围500
25-01-19.23:15:49.912 [main            ] INFO  StrategyArmoryDispatch - 奖品104 概率范围300
25-01-19.23:15:49.912 [main            ] INFO  StrategyArmoryDispatch - 奖品105 概率范围8000
25-01-19.23:15:49.912 [main            ] INFO  StrategyArmoryDispatch - 奖品106 概率范围90
25-01-19.23:15:49.912 [main            ] INFO  StrategyArmoryDispatch - 奖品107 概率范围10
25-01-19.23:15:50.085 [main            ] INFO  StrategyArmoryDispatch - 奖品102 概率范围1000
25-01-19.23:15:50.086 [main            ] INFO  StrategyArmoryDispatch - 奖品103 概率范围500
25-01-19.23:15:50.086 [main            ] INFO  StrategyArmoryDispatch - 奖品104 概率范围300
25-01-19.23:15:50.086 [main            ] INFO  StrategyArmoryDispatch - 奖品105 概率范围8000
25-01-19.23:15:50.086 [main            ] INFO  StrategyArmoryDispatch - 奖品106 概率范围90
25-01-19.23:15:50.086 [main            ] INFO  StrategyArmoryDispatch - 奖品107 概率范围10
25-01-19.23:15:50.193 [main            ] INFO  RuleBackListLogicFilter - 规则过滤-黑名单 userId:user strategyId:10001 ruleModel:rule_blacklist
25-01-19.23:15:50.255 [main            ] INFO  DefaultRaffleStrategy  - 抽奖前规则过滤 userId: user ruleModel: rule_blacklist code: 0000 info: 放行：执行后续的流程，不受规则引擎影响
25-01-19.23:15:50.256 [main            ] INFO  RuleWeightLogicFilter  - 规则过滤-权重范围 userId:user strategyId:10001 ruleModel:rule_weight
25-01-19.23:15:50.259 [main            ] INFO  DefaultRaffleStrategy  - 抽奖前规则过滤 userId: user ruleModel: rule_weight code: 0001 info: 接管：终止后续的流程，受规则引擎影响
25-01-19.23:15:50.443 [main            ] INFO  RaffleStrategyTest     - 请求参数：{"strategyId":10001,"userId":"user"}
25-01-19.23:15:50.445 [main            ] INFO  RaffleStrategyTest     - 测试结果：{"awardId":105}
25-01-19.23:15:50.458 [SpringApplicationShutdownHook] INFO  HikariDataSource       - HikariPool-1 - Shutdown initiated...
25-01-19.23:15:50.470 [SpringApplicationShutdownHook] INFO  HikariDataSource       - HikariPool-1 - Shutdown completed.
25-01-19.23:17:07.711 [main            ] INFO  RaffleStrategyTest     - Starting RaffleStrategyTest using Java 17.0.2 on BestHul with PID 17452 (started by 34404 in D:\Learning\bugstack\big-market-huling\big-market-huling-app)
25-01-19.23:17:07.711 [main            ] INFO  RaffleStrategyTest     - The following 1 profile is active: "dev"
25-01-19.23:17:08.357 [main            ] INFO  RepositoryConfigurationDelegate - Multiple Spring Data modules found, entering strict repository configuration mode
25-01-19.23:17:08.364 [main            ] INFO  RepositoryConfigurationDelegate - Bootstrapping Spring Data Redis repositories in DEFAULT mode.
25-01-19.23:17:08.398 [main            ] INFO  RepositoryConfigurationDelegate - Finished Spring Data repository scanning in 17 ms. Found 0 Redis repository interfaces.
25-01-19.23:17:09.438 [main            ] INFO  Version                - Redisson 3.23.4
25-01-19.23:17:09.749 [redisson-netty-2-5] INFO  MasterPubSubConnectionPool - 1 connections initialized for 127.0.0.1/127.0.0.1:6379
25-01-19.23:17:09.767 [redisson-netty-2-13] INFO  MasterConnectionPool   - 5 connections initialized for 127.0.0.1/127.0.0.1:6379
25-01-19.23:17:12.388 [main            ] INFO  EndpointLinksResolver  - Exposing 1 endpoint(s) beneath base path '/actuator'
25-01-19.23:17:12.476 [main            ] INFO  RaffleStrategyTest     - Started RaffleStrategyTest in 5.098 seconds (JVM running for 5.71)
25-01-19.23:17:13.033 [main            ] INFO  StrategyArmoryDispatch - 奖品101 概率范围100
25-01-19.23:17:13.034 [main            ] INFO  StrategyArmoryDispatch - 奖品102 概率范围1000
25-01-19.23:17:13.034 [main            ] INFO  StrategyArmoryDispatch - 奖品103 概率范围500
25-01-19.23:17:13.035 [main            ] INFO  StrategyArmoryDispatch - 奖品104 概率范围300
25-01-19.23:17:13.035 [main            ] INFO  StrategyArmoryDispatch - 奖品105 概率范围8000
25-01-19.23:17:13.035 [main            ] INFO  StrategyArmoryDispatch - 奖品106 概率范围90
25-01-19.23:17:13.035 [main            ] INFO  StrategyArmoryDispatch - 奖品107 概率范围10
25-01-19.23:17:13.219 [main            ] INFO  HikariDataSource       - HikariPool-1 - Starting...
25-01-19.23:17:13.463 [main            ] INFO  HikariDataSource       - HikariPool-1 - Start completed.
25-01-19.23:17:13.489 [main            ] INFO  StrategyArmoryDispatch - 奖品102 概率范围1000
25-01-19.23:17:13.490 [main            ] INFO  StrategyArmoryDispatch - 奖品103 概率范围500
25-01-19.23:17:13.490 [main            ] INFO  StrategyArmoryDispatch - 奖品104 概率范围300
25-01-19.23:17:13.490 [main            ] INFO  StrategyArmoryDispatch - 奖品105 概率范围8000
25-01-19.23:17:13.490 [main            ] INFO  StrategyArmoryDispatch - 奖品106 概率范围90
25-01-19.23:17:13.490 [main            ] INFO  StrategyArmoryDispatch - 奖品107 概率范围10
25-01-19.23:17:13.580 [main            ] INFO  RuleBackListLogicFilter - 规则过滤-黑名单 userId:user strategyId:10001 ruleModel:rule_blacklist
25-01-19.23:17:13.681 [main            ] INFO  DefaultRaffleStrategy  - 抽奖前规则过滤 userId: user ruleModel: rule_blacklist code: 0000 info: 放行：执行后续的流程，不受规则引擎影响
25-01-19.23:17:13.682 [main            ] INFO  RuleWeightLogicFilter  - 规则过滤-权重范围 userId:user strategyId:10001 ruleModel:rule_weight
25-01-19.23:17:13.687 [main            ] INFO  DefaultRaffleStrategy  - 抽奖前规则过滤 userId: user ruleModel: rule_weight code: 0001 info: 接管：终止后续的流程，受规则引擎影响
25-01-19.23:17:13.927 [main            ] INFO  RaffleStrategyTest     - 请求参数：{"strategyId":10001,"userId":"user"}
25-01-19.23:17:13.931 [main            ] INFO  RaffleStrategyTest     - 测试结果：{"awardId":105}
25-01-19.23:17:13.952 [SpringApplicationShutdownHook] INFO  HikariDataSource       - HikariPool-1 - Shutdown initiated...
25-01-19.23:17:13.965 [SpringApplicationShutdownHook] INFO  HikariDataSource       - HikariPool-1 - Shutdown completed.
25-01-19.23:17:40.519 [main            ] INFO  RaffleStrategyTest     - Starting RaffleStrategyTest using Java 17.0.2 on BestHul with PID 22640 (started by 34404 in D:\Learning\bugstack\big-market-huling\big-market-huling-app)
25-01-19.23:17:40.520 [main            ] INFO  RaffleStrategyTest     - The following 1 profile is active: "dev"
25-01-19.23:17:41.162 [main            ] INFO  RepositoryConfigurationDelegate - Multiple Spring Data modules found, entering strict repository configuration mode
25-01-19.23:17:41.164 [main            ] INFO  RepositoryConfigurationDelegate - Bootstrapping Spring Data Redis repositories in DEFAULT mode.
25-01-19.23:17:41.188 [main            ] INFO  RepositoryConfigurationDelegate - Finished Spring Data repository scanning in 11 ms. Found 0 Redis repository interfaces.
25-01-19.23:17:42.011 [main            ] INFO  Version                - Redisson 3.23.4
25-01-19.23:17:42.322 [redisson-netty-2-4] INFO  MasterPubSubConnectionPool - 1 connections initialized for 127.0.0.1/127.0.0.1:6379
25-01-19.23:17:42.344 [redisson-netty-2-13] INFO  MasterConnectionPool   - 5 connections initialized for 127.0.0.1/127.0.0.1:6379
25-01-19.23:17:45.605 [main            ] INFO  EndpointLinksResolver  - Exposing 1 endpoint(s) beneath base path '/actuator'
25-01-19.23:17:45.705 [main            ] INFO  RaffleStrategyTest     - Started RaffleStrategyTest in 5.536 seconds (JVM running for 6.147)
25-01-19.23:17:46.235 [main            ] INFO  StrategyArmoryDispatch - 奖品101 概率范围100
25-01-19.23:17:46.236 [main            ] INFO  StrategyArmoryDispatch - 奖品102 概率范围1000
25-01-19.23:17:46.236 [main            ] INFO  StrategyArmoryDispatch - 奖品103 概率范围500
25-01-19.23:17:46.236 [main            ] INFO  StrategyArmoryDispatch - 奖品104 概率范围300
25-01-19.23:17:46.236 [main            ] INFO  StrategyArmoryDispatch - 奖品105 概率范围8000
25-01-19.23:17:46.236 [main            ] INFO  StrategyArmoryDispatch - 奖品106 概率范围90
25-01-19.23:17:46.236 [main            ] INFO  StrategyArmoryDispatch - 奖品107 概率范围10
25-01-19.23:17:46.493 [main            ] INFO  HikariDataSource       - HikariPool-1 - Starting...
25-01-19.23:17:46.823 [main            ] INFO  HikariDataSource       - HikariPool-1 - Start completed.
25-01-19.23:17:46.849 [main            ] INFO  StrategyArmoryDispatch - 奖品102 概率范围1000
25-01-19.23:17:46.850 [main            ] INFO  StrategyArmoryDispatch - 奖品103 概率范围500
25-01-19.23:17:46.850 [main            ] INFO  StrategyArmoryDispatch - 奖品104 概率范围300
25-01-19.23:17:46.850 [main            ] INFO  StrategyArmoryDispatch - 奖品105 概率范围8000
25-01-19.23:17:46.850 [main            ] INFO  StrategyArmoryDispatch - 奖品106 概率范围90
25-01-19.23:17:46.850 [main            ] INFO  StrategyArmoryDispatch - 奖品107 概率范围10
25-01-19.23:17:46.949 [main            ] INFO  RuleBackListLogicFilter - 规则过滤-黑名单 userId:user strategyId:10001 ruleModel:rule_blacklist
25-01-19.23:17:47.069 [main            ] INFO  DefaultRaffleStrategy  - 抽奖前规则过滤 userId: user ruleModel: rule_blacklist code: 0000 info: 放行：执行后续的流程，不受规则引擎影响
25-01-19.23:17:47.070 [main            ] INFO  RuleWeightLogicFilter  - 规则过滤-权重范围 userId:user strategyId:10001 ruleModel:rule_weight
25-01-19.23:17:47.074 [main            ] INFO  DefaultRaffleStrategy  - 抽奖前规则过滤 userId: user ruleModel: rule_weight code: 0001 info: 接管：终止后续的流程，受规则引擎影响
25-01-19.23:17:47.236 [main            ] INFO  RaffleStrategyTest     - 请求参数：{"strategyId":10001,"userId":"user"}
25-01-19.23:17:47.240 [main            ] INFO  RaffleStrategyTest     - 测试结果：{"awardId":105}
25-01-19.23:17:47.254 [SpringApplicationShutdownHook] INFO  HikariDataSource       - HikariPool-1 - Shutdown initiated...
25-01-19.23:17:47.271 [SpringApplicationShutdownHook] INFO  HikariDataSource       - HikariPool-1 - Shutdown completed.
25-01-19.23:18:22.032 [main            ] INFO  RaffleStrategyTest     - Starting RaffleStrategyTest using Java 17.0.2 on BestHul with PID 18880 (started by 34404 in D:\Learning\bugstack\big-market-huling\big-market-huling-app)
25-01-19.23:18:22.033 [main            ] INFO  RaffleStrategyTest     - The following 1 profile is active: "dev"
25-01-19.23:18:22.664 [main            ] INFO  RepositoryConfigurationDelegate - Multiple Spring Data modules found, entering strict repository configuration mode
25-01-19.23:18:22.667 [main            ] INFO  RepositoryConfigurationDelegate - Bootstrapping Spring Data Redis repositories in DEFAULT mode.
25-01-19.23:18:22.693 [main            ] INFO  RepositoryConfigurationDelegate - Finished Spring Data repository scanning in 13 ms. Found 0 Redis repository interfaces.
25-01-19.23:18:23.541 [main            ] INFO  Version                - Redisson 3.23.4
25-01-19.23:18:23.812 [redisson-netty-2-4] INFO  MasterPubSubConnectionPool - 1 connections initialized for 127.0.0.1/127.0.0.1:6379
25-01-19.23:18:23.830 [redisson-netty-2-13] INFO  MasterConnectionPool   - 5 connections initialized for 127.0.0.1/127.0.0.1:6379
25-01-19.23:18:26.904 [main            ] INFO  EndpointLinksResolver  - Exposing 1 endpoint(s) beneath base path '/actuator'
25-01-19.23:18:27.023 [main            ] INFO  RaffleStrategyTest     - Started RaffleStrategyTest in 5.321 seconds (JVM running for 5.932)
25-01-19.23:18:27.583 [main            ] INFO  StrategyArmoryDispatch - 奖品101 概率范围100
25-01-19.23:18:27.583 [main            ] INFO  StrategyArmoryDispatch - 奖品102 概率范围1000
25-01-19.23:18:27.583 [main            ] INFO  StrategyArmoryDispatch - 奖品103 概率范围500
25-01-19.23:18:27.584 [main            ] INFO  StrategyArmoryDispatch - 奖品104 概率范围300
25-01-19.23:18:27.584 [main            ] INFO  StrategyArmoryDispatch - 奖品105 概率范围8000
25-01-19.23:18:27.584 [main            ] INFO  StrategyArmoryDispatch - 奖品106 概率范围90
25-01-19.23:18:27.584 [main            ] INFO  StrategyArmoryDispatch - 奖品107 概率范围10
25-01-19.23:18:27.766 [main            ] INFO  HikariDataSource       - HikariPool-1 - Starting...
25-01-19.23:18:28.025 [main            ] INFO  HikariDataSource       - HikariPool-1 - Start completed.
25-01-19.23:18:28.050 [main            ] INFO  StrategyArmoryDispatch - 奖品102 概率范围1000
25-01-19.23:18:28.051 [main            ] INFO  StrategyArmoryDispatch - 奖品103 概率范围500
25-01-19.23:18:28.051 [main            ] INFO  StrategyArmoryDispatch - 奖品104 概率范围300
25-01-19.23:18:28.051 [main            ] INFO  StrategyArmoryDispatch - 奖品105 概率范围8000
25-01-19.23:18:28.051 [main            ] INFO  StrategyArmoryDispatch - 奖品106 概率范围90
25-01-19.23:18:28.051 [main            ] INFO  StrategyArmoryDispatch - 奖品107 概率范围10
25-01-19.23:18:35.303 [main            ] INFO  RuleBackListLogicFilter - 规则过滤-黑名单 userId:user strategyId:10001 ruleModel:rule_blacklist
25-01-19.23:18:35.386 [main            ] INFO  DefaultRaffleStrategy  - 抽奖前规则过滤 userId: user ruleModel: rule_blacklist code: 0000 info: 放行：执行后续的流程，不受规则引擎影响
25-01-19.23:18:35.387 [main            ] INFO  RuleWeightLogicFilter  - 规则过滤-权重范围 userId:user strategyId:10001 ruleModel:rule_weight
25-01-19.23:18:35.396 [main            ] INFO  DefaultRaffleStrategy  - 抽奖前规则过滤 userId: user ruleModel: rule_weight code: 0001 info: 接管：终止后续的流程，受规则引擎影响
25-01-19.23:19:03.109 [main            ] INFO  RaffleStrategyTest     - 请求参数：{"strategyId":10001,"userId":"user"}
25-01-19.23:19:03.111 [main            ] INFO  RaffleStrategyTest     - 测试结果：{"awardId":105}
25-01-19.23:19:03.120 [SpringApplicationShutdownHook] INFO  HikariDataSource       - HikariPool-1 - Shutdown initiated...
25-01-19.23:19:03.128 [SpringApplicationShutdownHook] INFO  HikariDataSource       - HikariPool-1 - Shutdown completed.
25-01-19.23:20:04.197 [main            ] INFO  RaffleStrategyTest     - Starting RaffleStrategyTest using Java 17.0.2 on BestHul with PID 17868 (started by 34404 in D:\Learning\bugstack\big-market-huling\big-market-huling-app)
25-01-19.23:20:04.198 [main            ] INFO  RaffleStrategyTest     - The following 1 profile is active: "dev"
25-01-19.23:20:04.806 [main            ] INFO  RepositoryConfigurationDelegate - Multiple Spring Data modules found, entering strict repository configuration mode
25-01-19.23:20:04.809 [main            ] INFO  RepositoryConfigurationDelegate - Bootstrapping Spring Data Redis repositories in DEFAULT mode.
25-01-19.23:20:04.838 [main            ] INFO  RepositoryConfigurationDelegate - Finished Spring Data repository scanning in 13 ms. Found 0 Redis repository interfaces.
25-01-19.23:20:05.610 [main            ] INFO  Version                - Redisson 3.23.4
25-01-19.23:20:05.891 [redisson-netty-2-4] INFO  MasterPubSubConnectionPool - 1 connections initialized for 127.0.0.1/127.0.0.1:6379
25-01-19.23:20:05.909 [redisson-netty-2-13] INFO  MasterConnectionPool   - 5 connections initialized for 127.0.0.1/127.0.0.1:6379
25-01-19.23:20:08.025 [main            ] INFO  EndpointLinksResolver  - Exposing 1 endpoint(s) beneath base path '/actuator'
25-01-19.23:20:08.089 [main            ] INFO  RaffleStrategyTest     - Started RaffleStrategyTest in 4.202 seconds (JVM running for 4.726)
25-01-19.23:20:08.659 [main            ] INFO  StrategyArmoryDispatch - 奖品101 概率范围100
25-01-19.23:20:08.659 [main            ] INFO  StrategyArmoryDispatch - 奖品102 概率范围1000
25-01-19.23:20:08.660 [main            ] INFO  StrategyArmoryDispatch - 奖品103 概率范围500
25-01-19.23:20:08.660 [main            ] INFO  StrategyArmoryDispatch - 奖品104 概率范围300
25-01-19.23:20:08.660 [main            ] INFO  StrategyArmoryDispatch - 奖品105 概率范围8000
25-01-19.23:20:08.660 [main            ] INFO  StrategyArmoryDispatch - 奖品106 概率范围90
25-01-19.23:20:08.660 [main            ] INFO  StrategyArmoryDispatch - 奖品107 概率范围10
25-01-19.23:20:08.889 [main            ] INFO  HikariDataSource       - HikariPool-1 - Starting...
25-01-19.23:20:09.111 [main            ] INFO  HikariDataSource       - HikariPool-1 - Start completed.
25-01-19.23:20:09.136 [main            ] INFO  StrategyArmoryDispatch - 奖品102 概率范围1000
25-01-19.23:20:09.136 [main            ] INFO  StrategyArmoryDispatch - 奖品103 概率范围500
25-01-19.23:20:09.137 [main            ] INFO  StrategyArmoryDispatch - 奖品104 概率范围300
25-01-19.23:20:09.137 [main            ] INFO  StrategyArmoryDispatch - 奖品105 概率范围8000
25-01-19.23:20:09.137 [main            ] INFO  StrategyArmoryDispatch - 奖品106 概率范围90
25-01-19.23:20:09.137 [main            ] INFO  StrategyArmoryDispatch - 奖品107 概率范围10
25-01-19.23:20:09.184 [main            ] INFO  RuleBackListLogicFilter - 规则过滤-黑名单 userId:user strategyId:10001 ruleModel:rule_blacklist
25-01-19.23:20:09.284 [main            ] INFO  DefaultRaffleStrategy  - 抽奖前规则过滤 userId: user ruleModel: rule_blacklist code: 0000 info: 放行：执行后续的流程，不受规则引擎影响
25-01-19.23:20:09.285 [main            ] INFO  RuleWeightLogicFilter  - 规则过滤-权重范围 userId:user strategyId:10001 ruleModel:rule_weight
25-01-19.23:20:09.288 [main            ] INFO  DefaultRaffleStrategy  - 抽奖前规则过滤 userId: user ruleModel: rule_weight code: 0000 info: 放行：执行后续的流程，不受规则引擎影响
25-01-19.23:20:09.293 [main            ] INFO  RuleLockLogicFilter    - 规则过滤-次数锁 userId:user strategyId:10001 ruleModel:rule_lock
25-01-19.23:20:09.294 [main            ] INFO  DefaultRaffleStrategy  - 抽奖中规则过滤 userId: user ruleModel: rule_lock code: 0000 info: 放行：执行后续的流程，不受规则引擎影响
25-01-19.23:20:09.519 [main            ] INFO  RaffleStrategyTest     - 请求参数：{"strategyId":10001,"userId":"user"}
25-01-19.23:20:09.532 [main            ] INFO  RaffleStrategyTest     - 测试结果：{"awardId":105,"strategyId":10001}
25-01-19.23:20:09.548 [SpringApplicationShutdownHook] INFO  HikariDataSource       - HikariPool-1 - Shutdown initiated...
25-01-19.23:20:09.557 [SpringApplicationShutdownHook] INFO  HikariDataSource       - HikariPool-1 - Shutdown completed.
25-01-19.23:20:40.739 [main            ] INFO  RaffleStrategyTest     - Starting RaffleStrategyTest using Java 17.0.2 on BestHul with PID 7732 (started by 34404 in D:\Learning\bugstack\big-market-huling\big-market-huling-app)
25-01-19.23:20:40.740 [main            ] INFO  RaffleStrategyTest     - The following 1 profile is active: "dev"
25-01-19.23:20:41.392 [main            ] INFO  RepositoryConfigurationDelegate - Multiple Spring Data modules found, entering strict repository configuration mode
25-01-19.23:20:41.394 [main            ] INFO  RepositoryConfigurationDelegate - Bootstrapping Spring Data Redis repositories in DEFAULT mode.
25-01-19.23:20:41.425 [main            ] INFO  RepositoryConfigurationDelegate - Finished Spring Data repository scanning in 14 ms. Found 0 Redis repository interfaces.
25-01-19.23:20:42.385 [main            ] INFO  Version                - Redisson 3.23.4
25-01-19.23:20:42.771 [redisson-netty-2-4] INFO  MasterPubSubConnectionPool - 1 connections initialized for 127.0.0.1/127.0.0.1:6379
25-01-19.23:20:42.799 [redisson-netty-2-13] INFO  MasterConnectionPool   - 5 connections initialized for 127.0.0.1/127.0.0.1:6379
25-01-19.23:20:44.652 [main            ] INFO  EndpointLinksResolver  - Exposing 1 endpoint(s) beneath base path '/actuator'
25-01-19.23:20:44.716 [main            ] INFO  RaffleStrategyTest     - Started RaffleStrategyTest in 4.279 seconds (JVM running for 4.808)
25-01-19.23:20:45.186 [main            ] INFO  StrategyArmoryDispatch - 奖品101 概率范围100
25-01-19.23:20:45.186 [main            ] INFO  StrategyArmoryDispatch - 奖品102 概率范围1000
25-01-19.23:20:45.186 [main            ] INFO  StrategyArmoryDispatch - 奖品103 概率范围500
25-01-19.23:20:45.186 [main            ] INFO  StrategyArmoryDispatch - 奖品104 概率范围300
25-01-19.23:20:45.186 [main            ] INFO  StrategyArmoryDispatch - 奖品105 概率范围8000
25-01-19.23:20:45.186 [main            ] INFO  StrategyArmoryDispatch - 奖品106 概率范围90
25-01-19.23:20:45.186 [main            ] INFO  StrategyArmoryDispatch - 奖品107 概率范围10
25-01-19.23:20:45.382 [main            ] INFO  HikariDataSource       - HikariPool-1 - Starting...
25-01-19.23:20:45.629 [main            ] INFO  HikariDataSource       - HikariPool-1 - Start completed.
25-01-19.23:20:45.653 [main            ] INFO  StrategyArmoryDispatch - 奖品102 概率范围1000
25-01-19.23:20:45.653 [main            ] INFO  StrategyArmoryDispatch - 奖品103 概率范围500
25-01-19.23:20:45.653 [main            ] INFO  StrategyArmoryDispatch - 奖品104 概率范围300
25-01-19.23:20:45.653 [main            ] INFO  StrategyArmoryDispatch - 奖品105 概率范围8000
25-01-19.23:20:45.653 [main            ] INFO  StrategyArmoryDispatch - 奖品106 概率范围90
25-01-19.23:20:45.653 [main            ] INFO  StrategyArmoryDispatch - 奖品107 概率范围10
25-01-19.23:20:45.690 [main            ] INFO  RuleBackListLogicFilter - 规则过滤-黑名单 userId:user strategyId:10001 ruleModel:rule_blacklist
25-01-19.23:20:45.763 [main            ] INFO  DefaultRaffleStrategy  - 抽奖前规则过滤 userId: user ruleModel: rule_blacklist code: 0000 info: 放行：执行后续的流程，不受规则引擎影响
25-01-19.23:20:45.764 [main            ] INFO  RuleWeightLogicFilter  - 规则过滤-权重范围 userId:user strategyId:10001 ruleModel:rule_weight
25-01-19.23:20:45.768 [main            ] INFO  DefaultRaffleStrategy  - 抽奖前规则过滤 userId: user ruleModel: rule_weight code: 0000 info: 放行：执行后续的流程，不受规则引擎影响
25-01-19.23:20:45.774 [main            ] INFO  RuleLockLogicFilter    - 规则过滤-次数锁 userId:user strategyId:10001 ruleModel:rule_lock
25-01-19.23:20:45.775 [main            ] INFO  DefaultRaffleStrategy  - 抽奖中规则过滤 userId: user ruleModel: rule_lock code: 0001 info: 接管：终止后续的流程，受规则引擎影响
25-01-19.23:20:46.018 [main            ] INFO  RaffleStrategyTest     - 请求参数：{"strategyId":10001,"userId":"user"}
25-01-19.23:20:46.021 [main            ] INFO  RaffleStrategyTest     - 测试结果：{"awardDesc":"中奖中规则拦截，通过抽奖后规则 rule_luck_award 走兜底奖励"}
25-01-19.23:20:46.032 [SpringApplicationShutdownHook] INFO  HikariDataSource       - HikariPool-1 - Shutdown initiated...
25-01-19.23:20:46.043 [SpringApplicationShutdownHook] INFO  HikariDataSource       - HikariPool-1 - Shutdown completed.
25-01-19.23:25:14.544 [main            ] INFO  RaffleStrategyTest     - Starting RaffleStrategyTest using Java 17.0.2 on BestHul with PID 6280 (started by 34404 in D:\Learning\bugstack\big-market-huling\big-market-huling-app)
25-01-19.23:25:14.545 [main            ] INFO  RaffleStrategyTest     - The following 1 profile is active: "dev"
25-01-19.23:25:15.315 [main            ] INFO  RepositoryConfigurationDelegate - Multiple Spring Data modules found, entering strict repository configuration mode
25-01-19.23:25:15.317 [main            ] INFO  RepositoryConfigurationDelegate - Bootstrapping Spring Data Redis repositories in DEFAULT mode.
25-01-19.23:25:15.349 [main            ] INFO  RepositoryConfigurationDelegate - Finished Spring Data repository scanning in 10 ms. Found 0 Redis repository interfaces.
25-01-19.23:25:16.203 [main            ] INFO  Version                - Redisson 3.23.4
25-01-19.23:25:16.489 [redisson-netty-2-5] INFO  MasterPubSubConnectionPool - 1 connections initialized for 127.0.0.1/127.0.0.1:6379
25-01-19.23:25:16.508 [redisson-netty-2-13] INFO  MasterConnectionPool   - 5 connections initialized for 127.0.0.1/127.0.0.1:6379
25-01-19.23:25:18.452 [main            ] INFO  EndpointLinksResolver  - Exposing 1 endpoint(s) beneath base path '/actuator'
25-01-19.23:25:18.513 [main            ] INFO  RaffleStrategyTest     - Started RaffleStrategyTest in 4.32 seconds (JVM running for 4.867)
25-01-19.23:25:18.942 [main            ] INFO  StrategyArmoryDispatch - 奖品101 概率范围100
25-01-19.23:25:18.942 [main            ] INFO  StrategyArmoryDispatch - 奖品102 概率范围1000
25-01-19.23:25:18.942 [main            ] INFO  StrategyArmoryDispatch - 奖品103 概率范围500
25-01-19.23:25:18.942 [main            ] INFO  StrategyArmoryDispatch - 奖品104 概率范围300
25-01-19.23:25:18.942 [main            ] INFO  StrategyArmoryDispatch - 奖品105 概率范围8000
25-01-19.23:25:18.942 [main            ] INFO  StrategyArmoryDispatch - 奖品106 概率范围90
25-01-19.23:25:18.942 [main            ] INFO  StrategyArmoryDispatch - 奖品107 概率范围10
25-01-19.23:25:19.106 [main            ] INFO  HikariDataSource       - HikariPool-1 - Starting...
25-01-19.23:25:19.353 [main            ] INFO  HikariDataSource       - HikariPool-1 - Start completed.
25-01-19.23:25:19.375 [main            ] INFO  StrategyArmoryDispatch - 奖品102 概率范围1000
25-01-19.23:25:19.376 [main            ] INFO  StrategyArmoryDispatch - 奖品103 概率范围500
25-01-19.23:25:19.376 [main            ] INFO  StrategyArmoryDispatch - 奖品104 概率范围300
25-01-19.23:25:19.376 [main            ] INFO  StrategyArmoryDispatch - 奖品105 概率范围8000
25-01-19.23:25:19.376 [main            ] INFO  StrategyArmoryDispatch - 奖品106 概率范围90
25-01-19.23:25:19.376 [main            ] INFO  StrategyArmoryDispatch - 奖品107 概率范围10
25-01-19.23:25:19.436 [main            ] INFO  RuleBackListLogicFilter - 规则过滤-黑名单 userId:user strategyId:10001 ruleModel:rule_blacklist
25-01-19.23:25:19.546 [main            ] INFO  DefaultRaffleStrategy  - 抽奖前规则过滤 userId: user ruleModel: rule_blacklist code: 0000 info: 放行：执行后续的流程，不受规则引擎影响
25-01-19.23:25:19.546 [main            ] INFO  RuleWeightLogicFilter  - 规则过滤-权重范围 userId:user strategyId:10001 ruleModel:rule_weight
25-01-19.23:25:19.552 [main            ] INFO  DefaultRaffleStrategy  - 抽奖前规则过滤 userId: user ruleModel: rule_weight code: 0001 info: 接管：终止后续的流程，受规则引擎影响
25-01-19.23:25:19.771 [main            ] INFO  RaffleStrategyTest     - 请求参数：{"strategyId":10001,"userId":"user"}
25-01-19.23:25:19.775 [main            ] INFO  RaffleStrategyTest     - 测试结果：{"awardId":105}
25-01-19.23:25:19.791 [SpringApplicationShutdownHook] INFO  HikariDataSource       - HikariPool-1 - Shutdown initiated...
25-01-19.23:25:19.802 [SpringApplicationShutdownHook] INFO  HikariDataSource       - HikariPool-1 - Shutdown completed.
25-01-19.23:29:00.806 [main            ] INFO  RaffleStrategyTest     - Starting RaffleStrategyTest using Java 17.0.2 on BestHul with PID 21592 (started by 34404 in D:\Learning\bugstack\big-market-huling\big-market-huling-app)
25-01-19.23:29:00.807 [main            ] INFO  RaffleStrategyTest     - The following 1 profile is active: "dev"
25-01-19.23:29:01.370 [main            ] INFO  RepositoryConfigurationDelegate - Multiple Spring Data modules found, entering strict repository configuration mode
25-01-19.23:29:01.372 [main            ] INFO  RepositoryConfigurationDelegate - Bootstrapping Spring Data Redis repositories in DEFAULT mode.
25-01-19.23:29:01.403 [main            ] INFO  RepositoryConfigurationDelegate - Finished Spring Data repository scanning in 15 ms. Found 0 Redis repository interfaces.
25-01-19.23:29:02.107 [main            ] INFO  Version                - Redisson 3.23.4
25-01-19.23:29:02.380 [redisson-netty-2-4] INFO  MasterPubSubConnectionPool - 1 connections initialized for 127.0.0.1/127.0.0.1:6379
25-01-19.23:29:02.395 [redisson-netty-2-13] INFO  MasterConnectionPool   - 5 connections initialized for 127.0.0.1/127.0.0.1:6379
25-01-19.23:29:04.272 [main            ] INFO  EndpointLinksResolver  - Exposing 1 endpoint(s) beneath base path '/actuator'
25-01-19.23:29:04.337 [main            ] INFO  RaffleStrategyTest     - Started RaffleStrategyTest in 3.835 seconds (JVM running for 4.373)
25-01-19.23:29:04.786 [main            ] INFO  StrategyArmoryDispatch - 奖品101 概率范围100
25-01-19.23:29:04.787 [main            ] INFO  StrategyArmoryDispatch - 奖品102 概率范围1000
25-01-19.23:29:04.787 [main            ] INFO  StrategyArmoryDispatch - 奖品103 概率范围500
25-01-19.23:29:04.787 [main            ] INFO  StrategyArmoryDispatch - 奖品104 概率范围300
25-01-19.23:29:04.787 [main            ] INFO  StrategyArmoryDispatch - 奖品105 概率范围8000
25-01-19.23:29:04.787 [main            ] INFO  StrategyArmoryDispatch - 奖品106 概率范围90
25-01-19.23:29:04.787 [main            ] INFO  StrategyArmoryDispatch - 奖品107 概率范围10
25-01-19.23:29:04.980 [main            ] INFO  HikariDataSource       - HikariPool-1 - Starting...
25-01-19.23:29:05.248 [main            ] INFO  HikariDataSource       - HikariPool-1 - Start completed.
25-01-19.23:29:05.275 [main            ] INFO  StrategyArmoryDispatch - 奖品102 概率范围1000
25-01-19.23:29:05.275 [main            ] INFO  StrategyArmoryDispatch - 奖品103 概率范围500
25-01-19.23:29:05.275 [main            ] INFO  StrategyArmoryDispatch - 奖品104 概率范围300
25-01-19.23:29:05.275 [main            ] INFO  StrategyArmoryDispatch - 奖品105 概率范围8000
25-01-19.23:29:05.275 [main            ] INFO  StrategyArmoryDispatch - 奖品106 概率范围90
25-01-19.23:29:05.276 [main            ] INFO  StrategyArmoryDispatch - 奖品107 概率范围10
25-01-19.23:29:05.326 [main            ] INFO  RuleBackListLogicFilter - 规则过滤-黑名单 userId:user strategyId:10001 ruleModel:rule_blacklist
25-01-19.23:29:05.480 [main            ] INFO  DefaultRaffleStrategy  - 抽奖前规则过滤 userId: user ruleModel: rule_blacklist code: 0000 info: 放行：执行后续的流程，不受规则引擎影响
25-01-19.23:29:05.483 [main            ] INFO  RuleWeightLogicFilter  - 规则过滤-权重范围 userId:user strategyId:10001 ruleModel:rule_weight
25-01-19.23:29:05.491 [main            ] INFO  DefaultRaffleStrategy  - 抽奖前规则过滤 userId: user ruleModel: rule_weight code: 0001 info: 接管：终止后续的流程，受规则引擎影响
25-01-19.23:29:05.742 [main            ] INFO  RaffleStrategyTest     - 请求参数：{"strategyId":10001,"userId":"user"}
25-01-19.23:29:05.746 [main            ] INFO  RaffleStrategyTest     - 测试结果：{"awardId":105}
25-01-19.23:29:05.763 [SpringApplicationShutdownHook] INFO  HikariDataSource       - HikariPool-1 - Shutdown initiated...
25-01-19.23:29:05.773 [SpringApplicationShutdownHook] INFO  HikariDataSource       - HikariPool-1 - Shutdown completed.
25-01-19.23:29:22.232 [main            ] INFO  RaffleStrategyTest     - Starting RaffleStrategyTest using Java 17.0.2 on BestHul with PID 7732 (started by 34404 in D:\Learning\bugstack\big-market-huling\big-market-huling-app)
25-01-19.23:29:22.233 [main            ] INFO  RaffleStrategyTest     - The following 1 profile is active: "dev"
25-01-19.23:29:22.845 [main            ] INFO  RepositoryConfigurationDelegate - Multiple Spring Data modules found, entering strict repository configuration mode
25-01-19.23:29:22.848 [main            ] INFO  RepositoryConfigurationDelegate - Bootstrapping Spring Data Redis repositories in DEFAULT mode.
25-01-19.23:29:22.880 [main            ] INFO  RepositoryConfigurationDelegate - Finished Spring Data repository scanning in 17 ms. Found 0 Redis repository interfaces.
25-01-19.23:29:23.628 [main            ] INFO  Version                - Redisson 3.23.4
25-01-19.23:29:23.914 [redisson-netty-2-4] INFO  MasterPubSubConnectionPool - 1 connections initialized for 127.0.0.1/127.0.0.1:6379
25-01-19.23:29:23.932 [redisson-netty-2-13] INFO  MasterConnectionPool   - 5 connections initialized for 127.0.0.1/127.0.0.1:6379
25-01-19.23:29:25.850 [main            ] INFO  EndpointLinksResolver  - Exposing 1 endpoint(s) beneath base path '/actuator'
25-01-19.23:29:25.935 [main            ] INFO  RaffleStrategyTest     - Started RaffleStrategyTest in 4.0 seconds (JVM running for 4.546)
25-01-19.23:29:26.561 [main            ] INFO  StrategyArmoryDispatch - 奖品101 概率范围100
25-01-19.23:29:26.561 [main            ] INFO  StrategyArmoryDispatch - 奖品102 概率范围1000
25-01-19.23:29:26.562 [main            ] INFO  StrategyArmoryDispatch - 奖品103 概率范围500
25-01-19.23:29:26.562 [main            ] INFO  StrategyArmoryDispatch - 奖品104 概率范围300
25-01-19.23:29:26.562 [main            ] INFO  StrategyArmoryDispatch - 奖品105 概率范围8000
25-01-19.23:29:26.562 [main            ] INFO  StrategyArmoryDispatch - 奖品106 概率范围90
25-01-19.23:29:26.562 [main            ] INFO  StrategyArmoryDispatch - 奖品107 概率范围10
25-01-19.23:29:26.766 [main            ] INFO  HikariDataSource       - HikariPool-1 - Starting...
25-01-19.23:29:27.031 [main            ] INFO  HikariDataSource       - HikariPool-1 - Start completed.
25-01-19.23:29:27.055 [main            ] INFO  StrategyArmoryDispatch - 奖品102 概率范围1000
25-01-19.23:29:27.055 [main            ] INFO  StrategyArmoryDispatch - 奖品103 概率范围500
25-01-19.23:29:27.055 [main            ] INFO  StrategyArmoryDispatch - 奖品104 概率范围300
25-01-19.23:29:27.055 [main            ] INFO  StrategyArmoryDispatch - 奖品105 概率范围8000
25-01-19.23:29:27.055 [main            ] INFO  StrategyArmoryDispatch - 奖品106 概率范围90
25-01-19.23:29:27.056 [main            ] INFO  StrategyArmoryDispatch - 奖品107 概率范围10
25-01-19.23:29:27.118 [main            ] INFO  RuleBackListLogicFilter - 规则过滤-黑名单 userId:user strategyId:10001 ruleModel:rule_blacklist
25-01-19.23:29:27.273 [main            ] INFO  DefaultRaffleStrategy  - 抽奖前规则过滤 userId: user ruleModel: rule_blacklist code: 0000 info: 放行：执行后续的流程，不受规则引擎影响
25-01-19.23:29:27.274 [main            ] INFO  RuleWeightLogicFilter  - 规则过滤-权重范围 userId:user strategyId:10001 ruleModel:rule_weight
25-01-19.23:29:27.280 [main            ] INFO  DefaultRaffleStrategy  - 抽奖前规则过滤 userId: user ruleModel: rule_weight code: 0000 info: 放行：执行后续的流程，不受规则引擎影响
25-01-19.23:29:27.507 [main            ] INFO  RaffleStrategyTest     - 请求参数：{"strategyId":10001,"userId":"user"}
25-01-19.23:29:27.512 [main            ] INFO  RaffleStrategyTest     - 测试结果：{"awardId":102,"strategyId":10001}
25-01-19.23:29:27.526 [SpringApplicationShutdownHook] INFO  HikariDataSource       - HikariPool-1 - Shutdown initiated...
25-01-19.23:29:27.533 [SpringApplicationShutdownHook] INFO  HikariDataSource       - HikariPool-1 - Shutdown completed.
25-01-19.23:29:45.558 [main            ] INFO  RaffleStrategyTest     - Starting RaffleStrategyTest using Java 17.0.2 on BestHul with PID 14368 (started by 34404 in D:\Learning\bugstack\big-market-huling\big-market-huling-app)
25-01-19.23:29:45.559 [main            ] INFO  RaffleStrategyTest     - The following 1 profile is active: "dev"
25-01-19.23:29:46.204 [main            ] INFO  RepositoryConfigurationDelegate - Multiple Spring Data modules found, entering strict repository configuration mode
25-01-19.23:29:46.208 [main            ] INFO  RepositoryConfigurationDelegate - Bootstrapping Spring Data Redis repositories in DEFAULT mode.
25-01-19.23:29:46.242 [main            ] INFO  RepositoryConfigurationDelegate - Finished Spring Data repository scanning in 16 ms. Found 0 Redis repository interfaces.
25-01-19.23:29:47.160 [main            ] INFO  Version                - Redisson 3.23.4
25-01-19.23:29:47.618 [redisson-netty-2-4] INFO  MasterPubSubConnectionPool - 1 connections initialized for 127.0.0.1/127.0.0.1:6379
25-01-19.23:29:47.639 [redisson-netty-2-13] INFO  MasterConnectionPool   - 5 connections initialized for 127.0.0.1/127.0.0.1:6379
25-01-19.23:29:49.813 [main            ] INFO  EndpointLinksResolver  - Exposing 1 endpoint(s) beneath base path '/actuator'
25-01-19.23:29:49.902 [main            ] INFO  RaffleStrategyTest     - Started RaffleStrategyTest in 4.654 seconds (JVM running for 5.202)
25-01-19.23:29:50.355 [main            ] INFO  StrategyArmoryDispatch - 奖品101 概率范围100
25-01-19.23:29:50.355 [main            ] INFO  StrategyArmoryDispatch - 奖品102 概率范围1000
25-01-19.23:29:50.356 [main            ] INFO  StrategyArmoryDispatch - 奖品103 概率范围500
25-01-19.23:29:50.356 [main            ] INFO  StrategyArmoryDispatch - 奖品104 概率范围300
25-01-19.23:29:50.356 [main            ] INFO  StrategyArmoryDispatch - 奖品105 概率范围8000
25-01-19.23:29:50.356 [main            ] INFO  StrategyArmoryDispatch - 奖品106 概率范围90
25-01-19.23:29:50.356 [main            ] INFO  StrategyArmoryDispatch - 奖品107 概率范围10
25-01-19.23:29:50.565 [main            ] INFO  HikariDataSource       - HikariPool-1 - Starting...
25-01-19.23:29:50.836 [main            ] INFO  HikariDataSource       - HikariPool-1 - Start completed.
25-01-19.23:29:50.860 [main            ] INFO  StrategyArmoryDispatch - 奖品102 概率范围1000
25-01-19.23:29:50.860 [main            ] INFO  StrategyArmoryDispatch - 奖品103 概率范围500
25-01-19.23:29:50.860 [main            ] INFO  StrategyArmoryDispatch - 奖品104 概率范围300
25-01-19.23:29:50.860 [main            ] INFO  StrategyArmoryDispatch - 奖品105 概率范围8000
25-01-19.23:29:50.860 [main            ] INFO  StrategyArmoryDispatch - 奖品106 概率范围90
25-01-19.23:29:50.860 [main            ] INFO  StrategyArmoryDispatch - 奖品107 概率范围10
25-01-19.23:29:50.912 [main            ] INFO  RuleBackListLogicFilter - 规则过滤-黑名单 userId:user strategyId:10001 ruleModel:rule_blacklist
25-01-19.23:29:50.993 [main            ] INFO  DefaultRaffleStrategy  - 抽奖前规则过滤 userId: user ruleModel: rule_blacklist code: 0000 info: 放行：执行后续的流程，不受规则引擎影响
25-01-19.23:29:50.993 [main            ] INFO  RuleWeightLogicFilter  - 规则过滤-权重范围 userId:user strategyId:10001 ruleModel:rule_weight
25-01-19.23:29:50.997 [main            ] INFO  DefaultRaffleStrategy  - 抽奖前规则过滤 userId: user ruleModel: rule_weight code: 0000 info: 放行：执行后续的流程，不受规则引擎影响
25-01-19.23:29:51.002 [main            ] INFO  RuleLockLogicFilter    - 规则过滤-次数锁 userId:user strategyId:10001 ruleModel:rule_lock
25-01-19.23:29:51.004 [main            ] INFO  DefaultRaffleStrategy  - 抽奖中规则过滤 userId: user ruleModel: rule_lock code: 0001 info: 接管：终止后续的流程，受规则引擎影响
25-01-19.23:29:51.235 [main            ] INFO  RaffleStrategyTest     - 请求参数：{"strategyId":10001,"userId":"user"}
25-01-19.23:29:51.239 [main            ] INFO  RaffleStrategyTest     - 测试结果：{"awardDesc":"抽奖中规则拦截，通过抽奖后规则 rule_luck_award 走兜底奖励"}
25-01-19.23:29:51.249 [SpringApplicationShutdownHook] INFO  HikariDataSource       - HikariPool-1 - Shutdown initiated...
25-01-19.23:29:51.260 [SpringApplicationShutdownHook] INFO  HikariDataSource       - HikariPool-1 - Shutdown completed.
