25-02-14.17:42:28.459 [main            ] INFO  RaffleOrderTest        - Starting RaffleOrderTest using Java 17.0.2 on BestHul with PID 4980 (started by 34404 in D:\Learning\bugstack\big-market-huling\big-market-huling-app)
25-02-14.17:42:28.460 [main            ] INFO  RaffleOrderTest        - The following 1 profile is active: "dev"
25-02-14.17:42:29.187 [main            ] INFO  RepositoryConfigurationDelegate - Multiple Spring Data modules found, entering strict repository configuration mode
25-02-14.17:42:29.189 [main            ] INFO  RepositoryConfigurationDelegate - Bootstrapping Spring Data Redis repositories in DEFAULT mode.
25-02-14.17:42:29.222 [main            ] INFO  RepositoryConfigurationDelegate - Finished Spring Data repository scanning in 18 ms. Found 0 Redis repository interfaces.
25-02-14.17:42:30.207 [main            ] INFO  Version                - Redisson 3.23.4
25-02-14.17:42:30.451 [redisson-netty-2-4] INFO  MasterPubSubConnectionPool - 1 connections initialized for 127.0.0.1/127.0.0.1:6379
25-02-14.17:42:30.465 [redisson-netty-2-13] INFO  MasterConnectionPool   - 5 connections initialized for 127.0.0.1/127.0.0.1:6379
25-02-14.17:42:33.631 [main            ] INFO  EndpointLinksResolver  - Exposing 1 endpoint(s) beneath base path '/actuator'
25-02-14.17:42:33.802 [main            ] INFO  CachingConnectionFactory - Attempting to connect to: [127.0.0.1:5672]
25-02-14.17:42:33.887 [main            ] INFO  CachingConnectionFactory - Created new connection: rabbitConnectionFactory#34f60be9:0/SimpleConnection@325236f5 [delegate=amqp://admin@127.0.0.1:5672/, localPort= 3255]
25-02-14.17:42:33.972 [main            ] INFO  RaffleOrderTest        - Started RaffleOrderTest in 5.849 seconds (JVM running for 6.628)
25-02-14.17:42:34.524 [main            ] INFO  HikariDataSource       - Retail_HikariCP - Starting...
25-02-14.17:42:34.740 [main            ] INFO  HikariDataSource       - Retail_HikariCP - Start completed.
25-02-14.17:42:34.850 [main            ] INFO  RaffleOrderTest        - 装配活动库存：true
25-02-14.17:42:34.971 [main            ] INFO  ActivityBaseActionChain - 活动责任链-基础信息【有效期、状态、库存(sku)】校验开始。sku:200 activityId:10031
25-02-14.17:42:34.972 [main            ] INFO  ActivitySkuStockActionChain - 活动责任链-商品库存处理【有效期、状态、库存(sku)】开始。sku:200 activityId:10031
25-02-14.17:42:34.978 [main            ] INFO  ActivitySkuStockActionChain - 活动责任链-商品库存处理【有效期、状态、库存(sku)】成功。sku:200 activityId:10031
25-02-14.17:42:35.004 [scheduling-1    ] INFO  UpdateActivitySkuStockJob - 定时任务，更新活动sku库存【延迟队列获取，降低对数据库的更新频次，不要产生竞争】
25-02-14.17:42:35.006 [scheduling-1    ] INFO  UpdateAwardStockJob    - 定时任务，更新奖品消耗库存【延迟队列获取，降低对数据库的更新频次，不要产生竞争】
25-02-14.17:42:35.066 [main            ] INFO  HikariDataSource       - Retail_HikariCP - Starting...
25-02-14.17:42:35.088 [main            ] INFO  HikariDataSource       - Retail_HikariCP - Start completed.
25-02-14.17:42:35.127 [main            ] INFO  RaffleOrderTest        - 测试结果：755151714310
25-02-14.17:42:35.131 [main            ] INFO  ActivityBaseActionChain - 活动责任链-基础信息【有效期、状态、库存(sku)】校验开始。sku:200 activityId:10031
25-02-14.17:42:35.131 [main            ] INFO  ActivitySkuStockActionChain - 活动责任链-商品库存处理【有效期、状态、库存(sku)】开始。sku:200 activityId:10031
25-02-14.17:42:35.132 [main            ] INFO  ActivitySkuStockActionChain - 活动责任链-商品库存处理【有效期、状态、库存(sku)】成功。sku:200 activityId:10031
25-02-14.17:42:35.138 [main            ] INFO  RaffleOrderTest        - 测试结果：357212103960
25-02-14.17:42:35.142 [main            ] INFO  ActivityBaseActionChain - 活动责任链-基础信息【有效期、状态、库存(sku)】校验开始。sku:200 activityId:10031
25-02-14.17:42:35.142 [main            ] INFO  ActivitySkuStockActionChain - 活动责任链-商品库存处理【有效期、状态、库存(sku)】开始。sku:200 activityId:10031
25-02-14.17:42:35.143 [main            ] INFO  ActivitySkuStockActionChain - 活动责任链-商品库存处理【有效期、状态、库存(sku)】成功。sku:200 activityId:10031
25-02-14.17:42:35.149 [main            ] INFO  RaffleOrderTest        - 测试结果：381888113439
25-02-14.17:42:35.153 [main            ] INFO  ActivityBaseActionChain - 活动责任链-基础信息【有效期、状态、库存(sku)】校验开始。sku:200 activityId:10031
25-02-14.17:42:35.153 [main            ] INFO  ActivitySkuStockActionChain - 活动责任链-商品库存处理【有效期、状态、库存(sku)】开始。sku:200 activityId:10031
25-02-14.17:42:35.154 [main            ] INFO  ActivitySkuStockActionChain - 活动责任链-商品库存处理【有效期、状态、库存(sku)】成功。sku:200 activityId:10031
25-02-14.17:42:35.160 [main            ] INFO  RaffleOrderTest        - 测试结果：372902871186
25-02-14.17:42:35.167 [main            ] INFO  ActivityBaseActionChain - 活动责任链-基础信息【有效期、状态、库存(sku)】校验开始。sku:200 activityId:10031
25-02-14.17:42:35.167 [main            ] INFO  ActivitySkuStockActionChain - 活动责任链-商品库存处理【有效期、状态、库存(sku)】开始。sku:200 activityId:10031
25-02-14.17:42:35.168 [main            ] INFO  ActivitySkuStockActionChain - 活动责任链-商品库存处理【有效期、状态、库存(sku)】成功。sku:200 activityId:10031
25-02-14.17:42:35.174 [main            ] INFO  RaffleOrderTest        - 测试结果：779456000946
25-02-14.17:42:35.178 [main            ] INFO  ActivityBaseActionChain - 活动责任链-基础信息【有效期、状态、库存(sku)】校验开始。sku:200 activityId:10031
25-02-14.17:42:35.178 [main            ] INFO  ActivitySkuStockActionChain - 活动责任链-商品库存处理【有效期、状态、库存(sku)】开始。sku:200 activityId:10031
25-02-14.17:42:35.179 [main            ] INFO  ActivitySkuStockActionChain - 活动责任链-商品库存处理【有效期、状态、库存(sku)】成功。sku:200 activityId:10031
25-02-14.17:42:35.191 [main            ] INFO  RaffleOrderTest        - 测试结果：578009225621
25-02-14.17:42:35.195 [main            ] INFO  ActivityBaseActionChain - 活动责任链-基础信息【有效期、状态、库存(sku)】校验开始。sku:200 activityId:10031
25-02-14.17:42:35.195 [main            ] INFO  ActivitySkuStockActionChain - 活动责任链-商品库存处理【有效期、状态、库存(sku)】开始。sku:200 activityId:10031
25-02-14.17:42:35.197 [main            ] INFO  ActivitySkuStockActionChain - 活动责任链-商品库存处理【有效期、状态、库存(sku)】成功。sku:200 activityId:10031
25-02-14.17:42:35.204 [main            ] INFO  RaffleOrderTest        - 测试结果：043556972696
25-02-14.17:42:35.209 [main            ] INFO  ActivityBaseActionChain - 活动责任链-基础信息【有效期、状态、库存(sku)】校验开始。sku:200 activityId:10031
25-02-14.17:42:35.209 [main            ] INFO  ActivitySkuStockActionChain - 活动责任链-商品库存处理【有效期、状态、库存(sku)】开始。sku:200 activityId:10031
25-02-14.17:42:35.211 [main            ] INFO  ActivitySkuStockActionChain - 活动责任链-商品库存处理【有效期、状态、库存(sku)】成功。sku:200 activityId:10031
25-02-14.17:42:35.218 [main            ] INFO  RaffleOrderTest        - 测试结果：643043178373
25-02-14.17:42:35.223 [main            ] INFO  ActivityBaseActionChain - 活动责任链-基础信息【有效期、状态、库存(sku)】校验开始。sku:200 activityId:10031
25-02-14.17:42:35.223 [main            ] INFO  ActivitySkuStockActionChain - 活动责任链-商品库存处理【有效期、状态、库存(sku)】开始。sku:200 activityId:10031
25-02-14.17:42:35.225 [main            ] INFO  ActivitySkuStockActionChain - 活动责任链-商品库存处理【有效期、状态、库存(sku)】成功。sku:200 activityId:10031
25-02-14.17:42:35.232 [main            ] INFO  RaffleOrderTest        - 测试结果：849211928555
25-02-14.17:42:35.236 [main            ] INFO  ActivityBaseActionChain - 活动责任链-基础信息【有效期、状态、库存(sku)】校验开始。sku:200 activityId:10031
25-02-14.17:42:35.236 [main            ] INFO  ActivitySkuStockActionChain - 活动责任链-商品库存处理【有效期、状态、库存(sku)】开始。sku:200 activityId:10031
25-02-14.17:42:35.238 [main            ] INFO  ActivitySkuStockActionChain - 活动责任链-商品库存处理【有效期、状态、库存(sku)】成功。sku:200 activityId:10031
25-02-14.17:42:35.244 [main            ] INFO  RaffleOrderTest        - 测试结果：599908194458
25-02-14.17:42:35.249 [main            ] INFO  ActivityBaseActionChain - 活动责任链-基础信息【有效期、状态、库存(sku)】校验开始。sku:200 activityId:10031
25-02-14.17:42:35.249 [main            ] INFO  ActivitySkuStockActionChain - 活动责任链-商品库存处理【有效期、状态、库存(sku)】开始。sku:200 activityId:10031
25-02-14.17:42:35.250 [main            ] INFO  ActivitySkuStockActionChain - 活动责任链-商品库存处理【有效期、状态、库存(sku)】成功。sku:200 activityId:10031
25-02-14.17:42:35.256 [main            ] INFO  RaffleOrderTest        - 测试结果：804383192192
25-02-14.17:42:35.260 [main            ] INFO  ActivityBaseActionChain - 活动责任链-基础信息【有效期、状态、库存(sku)】校验开始。sku:200 activityId:10031
25-02-14.17:42:35.260 [main            ] INFO  ActivitySkuStockActionChain - 活动责任链-商品库存处理【有效期、状态、库存(sku)】开始。sku:200 activityId:10031
25-02-14.17:42:35.261 [main            ] INFO  ActivitySkuStockActionChain - 活动责任链-商品库存处理【有效期、状态、库存(sku)】成功。sku:200 activityId:10031
25-02-14.17:42:35.267 [main            ] INFO  RaffleOrderTest        - 测试结果：410088572214
25-02-14.17:42:35.273 [main            ] INFO  ActivityBaseActionChain - 活动责任链-基础信息【有效期、状态、库存(sku)】校验开始。sku:200 activityId:10031
25-02-14.17:42:35.273 [main            ] INFO  ActivitySkuStockActionChain - 活动责任链-商品库存处理【有效期、状态、库存(sku)】开始。sku:200 activityId:10031
25-02-14.17:42:35.274 [main            ] INFO  ActivitySkuStockActionChain - 活动责任链-商品库存处理【有效期、状态、库存(sku)】成功。sku:200 activityId:10031
25-02-14.17:42:35.280 [main            ] INFO  RaffleOrderTest        - 测试结果：554266083549
25-02-14.17:42:35.283 [main            ] INFO  ActivityBaseActionChain - 活动责任链-基础信息【有效期、状态、库存(sku)】校验开始。sku:200 activityId:10031
25-02-14.17:42:35.283 [main            ] INFO  ActivitySkuStockActionChain - 活动责任链-商品库存处理【有效期、状态、库存(sku)】开始。sku:200 activityId:10031
25-02-14.17:42:35.286 [main            ] INFO  ActivitySkuStockActionChain - 活动责任链-商品库存处理【有效期、状态、库存(sku)】成功。sku:200 activityId:10031
25-02-14.17:42:35.292 [main            ] INFO  RaffleOrderTest        - 测试结果：604249992013
25-02-14.17:42:35.298 [main            ] INFO  ActivityBaseActionChain - 活动责任链-基础信息【有效期、状态、库存(sku)】校验开始。sku:200 activityId:10031
25-02-14.17:42:35.298 [main            ] INFO  ActivitySkuStockActionChain - 活动责任链-商品库存处理【有效期、状态、库存(sku)】开始。sku:200 activityId:10031
25-02-14.17:42:35.299 [main            ] INFO  ActivitySkuStockActionChain - 活动责任链-商品库存处理【有效期、状态、库存(sku)】成功。sku:200 activityId:10031
25-02-14.17:42:35.317 [main            ] INFO  RaffleOrderTest        - 测试结果：899455230177
25-02-14.17:42:35.332 [main            ] INFO  ActivityBaseActionChain - 活动责任链-基础信息【有效期、状态、库存(sku)】校验开始。sku:200 activityId:10031
25-02-14.17:42:35.332 [main            ] INFO  ActivitySkuStockActionChain - 活动责任链-商品库存处理【有效期、状态、库存(sku)】开始。sku:200 activityId:10031
25-02-14.17:42:35.336 [main            ] INFO  ActivitySkuStockActionChain - 活动责任链-商品库存处理【有效期、状态、库存(sku)】成功。sku:200 activityId:10031
25-02-14.17:42:35.410 [main            ] INFO  RaffleOrderTest        - 测试结果：079846141138
25-02-14.17:42:35.421 [main            ] INFO  ActivityBaseActionChain - 活动责任链-基础信息【有效期、状态、库存(sku)】校验开始。sku:200 activityId:10031
25-02-14.17:42:35.421 [main            ] INFO  ActivitySkuStockActionChain - 活动责任链-商品库存处理【有效期、状态、库存(sku)】开始。sku:200 activityId:10031
25-02-14.17:42:35.427 [main            ] INFO  ActivitySkuStockActionChain - 活动责任链-商品库存处理【有效期、状态、库存(sku)】成功。sku:200 activityId:10031
25-02-14.17:42:35.445 [main            ] INFO  RaffleOrderTest        - 测试结果：387222520438
25-02-14.17:42:35.456 [main            ] INFO  ActivityBaseActionChain - 活动责任链-基础信息【有效期、状态、库存(sku)】校验开始。sku:200 activityId:10031
25-02-14.17:42:35.457 [main            ] INFO  ActivitySkuStockActionChain - 活动责任链-商品库存处理【有效期、状态、库存(sku)】开始。sku:200 activityId:10031
25-02-14.17:42:35.462 [main            ] INFO  ActivitySkuStockActionChain - 活动责任链-商品库存处理【有效期、状态、库存(sku)】成功。sku:200 activityId:10031
25-02-14.17:42:35.477 [main            ] INFO  RaffleOrderTest        - 测试结果：983517828171
25-02-14.17:42:35.487 [main            ] INFO  ActivityBaseActionChain - 活动责任链-基础信息【有效期、状态、库存(sku)】校验开始。sku:200 activityId:10031
25-02-14.17:42:35.487 [main            ] INFO  ActivitySkuStockActionChain - 活动责任链-商品库存处理【有效期、状态、库存(sku)】开始。sku:200 activityId:10031
25-02-14.17:42:35.491 [main            ] INFO  ActivitySkuStockActionChain - 活动责任链-商品库存处理【有效期、状态、库存(sku)】成功。sku:200 activityId:10031
25-02-14.17:42:35.508 [main            ] INFO  RaffleOrderTest        - 测试结果：743179855926
25-02-14.17:42:35.519 [main            ] INFO  ActivityBaseActionChain - 活动责任链-基础信息【有效期、状态、库存(sku)】校验开始。sku:200 activityId:10031
25-02-14.17:42:35.520 [main            ] INFO  ActivitySkuStockActionChain - 活动责任链-商品库存处理【有效期、状态、库存(sku)】开始。sku:200 activityId:10031
25-02-14.17:42:36.337 [main            ] INFO  EventPublisher         - 发送MQ消息 topic:activity_sku_stock_zero message:{"data":200,"id":"44963161921","timestamp":1739526155532}
25-02-14.17:42:36.339 [main            ] INFO  ActivitySkuStockActionChain - 活动责任链-商品库存处理【有效期、状态、库存(sku)】成功。sku:200 activityId:10031
25-02-14.17:42:36.354 [main            ] INFO  RaffleOrderTest        - 测试结果：119847208897
25-02-14.17:42:36.377 [org.springframework.amqp.rabbit.RabbitListenerEndpointContainer#0-1] INFO  ActivitySkuStockZeroCustomer - 监听活动sku库存消耗为0消息 topic: activity_sku_stock_zero message: {"data":200,"id":"44963161921","timestamp":1739526155532}
25-02-14.17:42:40.012 [scheduling-1    ] INFO  UpdateActivitySkuStockJob - 定时任务，更新活动sku库存【延迟队列获取，降低对数据库的更新频次，不要产生竞争】
25-02-14.17:42:40.014 [scheduling-1    ] INFO  UpdateAwardStockJob    - 定时任务，更新奖品消耗库存【延迟队列获取，降低对数据库的更新频次，不要产生竞争】
25-02-14.17:42:45.001 [scheduling-1    ] INFO  UpdateActivitySkuStockJob - 定时任务，更新活动sku库存【延迟队列获取，降低对数据库的更新频次，不要产生竞争】
25-02-14.17:42:45.002 [scheduling-1    ] INFO  UpdateAwardStockJob    - 定时任务，更新奖品消耗库存【延迟队列获取，降低对数据库的更新频次，不要产生竞争】
25-02-14.17:42:50.002 [scheduling-1    ] INFO  UpdateAwardStockJob    - 定时任务，更新奖品消耗库存【延迟队列获取，降低对数据库的更新频次，不要产生竞争】
25-02-14.17:42:50.004 [scheduling-1    ] INFO  UpdateActivitySkuStockJob - 定时任务，更新活动sku库存【延迟队列获取，降低对数据库的更新频次，不要产生竞争】
25-02-14.17:42:55.011 [scheduling-1    ] INFO  UpdateAwardStockJob    - 定时任务，更新奖品消耗库存【延迟队列获取，降低对数据库的更新频次，不要产生竞争】
25-02-14.17:42:55.012 [scheduling-1    ] INFO  UpdateActivitySkuStockJob - 定时任务，更新活动sku库存【延迟队列获取，降低对数据库的更新频次，不要产生竞争】
25-02-14.17:43:00.006 [scheduling-1    ] INFO  UpdateActivitySkuStockJob - 定时任务，更新活动sku库存【延迟队列获取，降低对数据库的更新频次，不要产生竞争】
25-02-14.17:43:00.007 [scheduling-1    ] INFO  UpdateAwardStockJob    - 定时任务，更新奖品消耗库存【延迟队列获取，降低对数据库的更新频次，不要产生竞争】
25-02-14.17:43:02.997 [org.springframework.amqp.rabbit.RabbitListenerEndpointContainer#0-2] INFO  SimpleMessageListenerContainer - Waiting for workers to finish.
25-02-14.17:43:03.733 [org.springframework.amqp.rabbit.RabbitListenerEndpointContainer#0-2] INFO  SimpleMessageListenerContainer - Successfully waited for workers to finish.
25-02-14.17:43:03.735 [SpringApplicationShutdownHook] INFO  SimpleMessageListenerContainer - Shutdown ignored - container is already stopped
25-02-14.17:49:53.540 [main            ] INFO  RaffleOrderTest        - Starting RaffleOrderTest using Java 17.0.2 on BestHul with PID 22756 (started by 34404 in D:\Learning\bugstack\big-market-huling\big-market-huling-app)
25-02-14.17:49:53.541 [main            ] INFO  RaffleOrderTest        - The following 1 profile is active: "dev"
25-02-14.17:49:54.363 [main            ] INFO  RepositoryConfigurationDelegate - Multiple Spring Data modules found, entering strict repository configuration mode
25-02-14.17:49:54.366 [main            ] INFO  RepositoryConfigurationDelegate - Bootstrapping Spring Data Redis repositories in DEFAULT mode.
25-02-14.17:49:54.402 [main            ] INFO  RepositoryConfigurationDelegate - Finished Spring Data repository scanning in 22 ms. Found 0 Redis repository interfaces.
25-02-14.17:49:55.681 [main            ] INFO  Version                - Redisson 3.23.4
25-02-14.17:49:55.934 [redisson-netty-2-5] INFO  MasterPubSubConnectionPool - 1 connections initialized for 127.0.0.1/127.0.0.1:6379
25-02-14.17:49:55.951 [redisson-netty-2-13] INFO  MasterConnectionPool   - 5 connections initialized for 127.0.0.1/127.0.0.1:6379
25-02-14.17:49:58.531 [main            ] INFO  EndpointLinksResolver  - Exposing 1 endpoint(s) beneath base path '/actuator'
25-02-14.17:49:58.656 [main            ] INFO  CachingConnectionFactory - Attempting to connect to: [127.0.0.1:5672]
25-02-14.17:49:58.709 [main            ] INFO  CachingConnectionFactory - Created new connection: rabbitConnectionFactory#29ccab93:0/SimpleConnection@34a99d8 [delegate=amqp://admin@127.0.0.1:5672/, localPort= 3405]
25-02-14.17:49:58.807 [main            ] INFO  RaffleOrderTest        - Started RaffleOrderTest in 5.591 seconds (JVM running for 6.237)
25-02-14.17:49:59.188 [main            ] INFO  HikariDataSource       - Retail_HikariCP - Starting...
25-02-14.17:49:59.349 [main            ] INFO  HikariDataSource       - Retail_HikariCP - Start completed.
25-02-14.17:49:59.431 [main            ] INFO  RaffleOrderTest        - 装配活动库存：true
25-02-14.17:49:59.457 [main            ] INFO  ActivityBaseActionChain - 活动责任链-基础信息【有效期、状态、库存(sku)】校验开始。sku:200 activityId:10031
25-02-14.17:49:59.457 [main            ] INFO  ActivitySkuStockActionChain - 活动责任链-商品库存处理【有效期、状态、库存(sku)】开始。sku:200 activityId:10031
25-02-14.17:49:59.468 [main            ] INFO  ActivitySkuStockActionChain - 活动责任链-商品库存处理【有效期、状态、库存(sku)】成功。sku:200 activityId:10031
25-02-14.17:49:59.553 [main            ] INFO  HikariDataSource       - Retail_HikariCP - Starting...
25-02-14.17:49:59.575 [main            ] INFO  HikariDataSource       - Retail_HikariCP - Start completed.
25-02-14.17:49:59.612 [main            ] INFO  RaffleOrderTest        - 测试结果：014794108733
25-02-14.17:49:59.616 [main            ] INFO  ActivityBaseActionChain - 活动责任链-基础信息【有效期、状态、库存(sku)】校验开始。sku:200 activityId:10031
25-02-14.17:49:59.617 [main            ] INFO  ActivitySkuStockActionChain - 活动责任链-商品库存处理【有效期、状态、库存(sku)】开始。sku:200 activityId:10031
25-02-14.17:49:59.620 [main            ] INFO  ActivitySkuStockActionChain - 活动责任链-商品库存处理【有效期、状态、库存(sku)】成功。sku:200 activityId:10031
25-02-14.17:49:59.627 [main            ] INFO  RaffleOrderTest        - 测试结果：740589054310
25-02-14.17:49:59.631 [main            ] INFO  ActivityBaseActionChain - 活动责任链-基础信息【有效期、状态、库存(sku)】校验开始。sku:200 activityId:10031
25-02-14.17:49:59.631 [main            ] INFO  ActivitySkuStockActionChain - 活动责任链-商品库存处理【有效期、状态、库存(sku)】开始。sku:200 activityId:10031
25-02-14.17:49:59.632 [main            ] INFO  ActivitySkuStockActionChain - 活动责任链-商品库存处理【有效期、状态、库存(sku)】成功。sku:200 activityId:10031
25-02-14.17:49:59.639 [main            ] INFO  RaffleOrderTest        - 测试结果：773650723440
25-02-14.17:49:59.643 [main            ] INFO  ActivityBaseActionChain - 活动责任链-基础信息【有效期、状态、库存(sku)】校验开始。sku:200 activityId:10031
25-02-14.17:49:59.643 [main            ] INFO  ActivitySkuStockActionChain - 活动责任链-商品库存处理【有效期、状态、库存(sku)】开始。sku:200 activityId:10031
25-02-14.17:49:59.645 [main            ] INFO  ActivitySkuStockActionChain - 活动责任链-商品库存处理【有效期、状态、库存(sku)】成功。sku:200 activityId:10031
25-02-14.17:49:59.652 [main            ] INFO  RaffleOrderTest        - 测试结果：159610755924
25-02-14.17:49:59.658 [main            ] INFO  ActivityBaseActionChain - 活动责任链-基础信息【有效期、状态、库存(sku)】校验开始。sku:200 activityId:10031
25-02-14.17:49:59.658 [main            ] INFO  ActivitySkuStockActionChain - 活动责任链-商品库存处理【有效期、状态、库存(sku)】开始。sku:200 activityId:10031
25-02-14.17:49:59.660 [main            ] INFO  ActivitySkuStockActionChain - 活动责任链-商品库存处理【有效期、状态、库存(sku)】成功。sku:200 activityId:10031
25-02-14.17:49:59.668 [main            ] INFO  RaffleOrderTest        - 测试结果：761196327423
25-02-14.17:49:59.672 [main            ] INFO  ActivityBaseActionChain - 活动责任链-基础信息【有效期、状态、库存(sku)】校验开始。sku:200 activityId:10031
25-02-14.17:49:59.673 [main            ] INFO  ActivitySkuStockActionChain - 活动责任链-商品库存处理【有效期、状态、库存(sku)】开始。sku:200 activityId:10031
25-02-14.17:49:59.675 [main            ] INFO  ActivitySkuStockActionChain - 活动责任链-商品库存处理【有效期、状态、库存(sku)】成功。sku:200 activityId:10031
25-02-14.17:49:59.682 [main            ] INFO  RaffleOrderTest        - 测试结果：917325680327
25-02-14.17:49:59.686 [main            ] INFO  ActivityBaseActionChain - 活动责任链-基础信息【有效期、状态、库存(sku)】校验开始。sku:200 activityId:10031
25-02-14.17:49:59.686 [main            ] INFO  ActivitySkuStockActionChain - 活动责任链-商品库存处理【有效期、状态、库存(sku)】开始。sku:200 activityId:10031
25-02-14.17:49:59.688 [main            ] INFO  ActivitySkuStockActionChain - 活动责任链-商品库存处理【有效期、状态、库存(sku)】成功。sku:200 activityId:10031
25-02-14.17:49:59.696 [main            ] INFO  RaffleOrderTest        - 测试结果：010736494958
25-02-14.17:49:59.700 [main            ] INFO  ActivityBaseActionChain - 活动责任链-基础信息【有效期、状态、库存(sku)】校验开始。sku:200 activityId:10031
25-02-14.17:49:59.700 [main            ] INFO  ActivitySkuStockActionChain - 活动责任链-商品库存处理【有效期、状态、库存(sku)】开始。sku:200 activityId:10031
25-02-14.17:49:59.701 [main            ] INFO  ActivitySkuStockActionChain - 活动责任链-商品库存处理【有效期、状态、库存(sku)】成功。sku:200 activityId:10031
25-02-14.17:49:59.710 [main            ] INFO  RaffleOrderTest        - 测试结果：360877384288
25-02-14.17:49:59.716 [main            ] INFO  ActivityBaseActionChain - 活动责任链-基础信息【有效期、状态、库存(sku)】校验开始。sku:200 activityId:10031
25-02-14.17:49:59.716 [main            ] INFO  ActivitySkuStockActionChain - 活动责任链-商品库存处理【有效期、状态、库存(sku)】开始。sku:200 activityId:10031
25-02-14.17:49:59.718 [main            ] INFO  ActivitySkuStockActionChain - 活动责任链-商品库存处理【有效期、状态、库存(sku)】成功。sku:200 activityId:10031
25-02-14.17:49:59.726 [main            ] INFO  RaffleOrderTest        - 测试结果：838391089414
25-02-14.17:49:59.730 [main            ] INFO  ActivityBaseActionChain - 活动责任链-基础信息【有效期、状态、库存(sku)】校验开始。sku:200 activityId:10031
25-02-14.17:49:59.730 [main            ] INFO  ActivitySkuStockActionChain - 活动责任链-商品库存处理【有效期、状态、库存(sku)】开始。sku:200 activityId:10031
25-02-14.17:49:59.732 [main            ] INFO  ActivitySkuStockActionChain - 活动责任链-商品库存处理【有效期、状态、库存(sku)】成功。sku:200 activityId:10031
25-02-14.17:49:59.740 [main            ] INFO  RaffleOrderTest        - 测试结果：886064315040
25-02-14.17:49:59.744 [main            ] INFO  ActivityBaseActionChain - 活动责任链-基础信息【有效期、状态、库存(sku)】校验开始。sku:200 activityId:10031
25-02-14.17:49:59.744 [main            ] INFO  ActivitySkuStockActionChain - 活动责任链-商品库存处理【有效期、状态、库存(sku)】开始。sku:200 activityId:10031
25-02-14.17:49:59.746 [main            ] INFO  ActivitySkuStockActionChain - 活动责任链-商品库存处理【有效期、状态、库存(sku)】成功。sku:200 activityId:10031
25-02-14.17:49:59.753 [main            ] INFO  RaffleOrderTest        - 测试结果：393869967556
25-02-14.17:49:59.757 [main            ] INFO  ActivityBaseActionChain - 活动责任链-基础信息【有效期、状态、库存(sku)】校验开始。sku:200 activityId:10031
25-02-14.17:49:59.758 [main            ] INFO  ActivitySkuStockActionChain - 活动责任链-商品库存处理【有效期、状态、库存(sku)】开始。sku:200 activityId:10031
25-02-14.17:49:59.759 [main            ] INFO  ActivitySkuStockActionChain - 活动责任链-商品库存处理【有效期、状态、库存(sku)】成功。sku:200 activityId:10031
25-02-14.17:49:59.765 [main            ] INFO  RaffleOrderTest        - 测试结果：771573502942
25-02-14.17:49:59.771 [main            ] INFO  ActivityBaseActionChain - 活动责任链-基础信息【有效期、状态、库存(sku)】校验开始。sku:200 activityId:10031
25-02-14.17:49:59.771 [main            ] INFO  ActivitySkuStockActionChain - 活动责任链-商品库存处理【有效期、状态、库存(sku)】开始。sku:200 activityId:10031
25-02-14.17:49:59.773 [main            ] INFO  ActivitySkuStockActionChain - 活动责任链-商品库存处理【有效期、状态、库存(sku)】成功。sku:200 activityId:10031
25-02-14.17:49:59.778 [main            ] INFO  RaffleOrderTest        - 测试结果：773295961129
25-02-14.17:49:59.782 [main            ] INFO  ActivityBaseActionChain - 活动责任链-基础信息【有效期、状态、库存(sku)】校验开始。sku:200 activityId:10031
25-02-14.17:49:59.782 [main            ] INFO  ActivitySkuStockActionChain - 活动责任链-商品库存处理【有效期、状态、库存(sku)】开始。sku:200 activityId:10031
25-02-14.17:49:59.783 [main            ] INFO  ActivitySkuStockActionChain - 活动责任链-商品库存处理【有效期、状态、库存(sku)】成功。sku:200 activityId:10031
25-02-14.17:49:59.789 [main            ] INFO  RaffleOrderTest        - 测试结果：211282857456
25-02-14.17:49:59.794 [main            ] INFO  ActivityBaseActionChain - 活动责任链-基础信息【有效期、状态、库存(sku)】校验开始。sku:200 activityId:10031
25-02-14.17:49:59.794 [main            ] INFO  ActivitySkuStockActionChain - 活动责任链-商品库存处理【有效期、状态、库存(sku)】开始。sku:200 activityId:10031
25-02-14.17:49:59.796 [main            ] INFO  ActivitySkuStockActionChain - 活动责任链-商品库存处理【有效期、状态、库存(sku)】成功。sku:200 activityId:10031
25-02-14.17:49:59.802 [main            ] INFO  RaffleOrderTest        - 测试结果：069995737331
25-02-14.17:49:59.806 [main            ] INFO  ActivityBaseActionChain - 活动责任链-基础信息【有效期、状态、库存(sku)】校验开始。sku:200 activityId:10031
25-02-14.17:49:59.806 [main            ] INFO  ActivitySkuStockActionChain - 活动责任链-商品库存处理【有效期、状态、库存(sku)】开始。sku:200 activityId:10031
25-02-14.17:49:59.807 [main            ] INFO  ActivitySkuStockActionChain - 活动责任链-商品库存处理【有效期、状态、库存(sku)】成功。sku:200 activityId:10031
25-02-14.17:49:59.823 [main            ] INFO  RaffleOrderTest        - 测试结果：784108111558
25-02-14.17:49:59.826 [main            ] INFO  ActivityBaseActionChain - 活动责任链-基础信息【有效期、状态、库存(sku)】校验开始。sku:200 activityId:10031
25-02-14.17:49:59.826 [main            ] INFO  ActivitySkuStockActionChain - 活动责任链-商品库存处理【有效期、状态、库存(sku)】开始。sku:200 activityId:10031
25-02-14.17:49:59.827 [main            ] INFO  ActivitySkuStockActionChain - 活动责任链-商品库存处理【有效期、状态、库存(sku)】成功。sku:200 activityId:10031
25-02-14.17:49:59.833 [main            ] INFO  RaffleOrderTest        - 测试结果：909799790903
25-02-14.17:49:59.836 [main            ] INFO  ActivityBaseActionChain - 活动责任链-基础信息【有效期、状态、库存(sku)】校验开始。sku:200 activityId:10031
25-02-14.17:49:59.836 [main            ] INFO  ActivitySkuStockActionChain - 活动责任链-商品库存处理【有效期、状态、库存(sku)】开始。sku:200 activityId:10031
25-02-14.17:49:59.837 [main            ] INFO  ActivitySkuStockActionChain - 活动责任链-商品库存处理【有效期、状态、库存(sku)】成功。sku:200 activityId:10031
25-02-14.17:49:59.842 [main            ] INFO  RaffleOrderTest        - 测试结果：966928818204
25-02-14.17:49:59.846 [main            ] INFO  ActivityBaseActionChain - 活动责任链-基础信息【有效期、状态、库存(sku)】校验开始。sku:200 activityId:10031
25-02-14.17:49:59.846 [main            ] INFO  ActivitySkuStockActionChain - 活动责任链-商品库存处理【有效期、状态、库存(sku)】开始。sku:200 activityId:10031
25-02-14.17:49:59.848 [main            ] INFO  ActivitySkuStockActionChain - 活动责任链-商品库存处理【有效期、状态、库存(sku)】成功。sku:200 activityId:10031
25-02-14.17:49:59.853 [main            ] INFO  RaffleOrderTest        - 测试结果：618966183733
25-02-14.17:49:59.857 [main            ] INFO  ActivityBaseActionChain - 活动责任链-基础信息【有效期、状态、库存(sku)】校验开始。sku:200 activityId:10031
25-02-14.17:49:59.857 [main            ] INFO  ActivitySkuStockActionChain - 活动责任链-商品库存处理【有效期、状态、库存(sku)】开始。sku:200 activityId:10031
25-02-14.17:50:00.002 [scheduling-1    ] INFO  UpdateActivitySkuStockJob - 定时任务，更新活动sku库存【延迟队列获取，降低对数据库的更新频次，不要产生竞争】
25-02-14.17:50:00.004 [scheduling-1    ] INFO  UpdateAwardStockJob    - 定时任务，更新奖品消耗库存【延迟队列获取，降低对数据库的更新频次，不要产生竞争】
25-02-14.17:50:00.076 [main            ] INFO  EventPublisher         - 发送MQ消息 topic:activity_sku_stock_zero message:{"data":200,"id":"07733369264","timestamp":1739526599859}
25-02-14.17:50:00.077 [main            ] INFO  ActivitySkuStockActionChain - 活动责任链-商品库存处理【有效期、状态、库存(sku)】成功。sku:200 activityId:10031
25-02-14.17:50:00.085 [org.springframework.amqp.rabbit.RabbitListenerEndpointContainer#0-1] INFO  ActivitySkuStockZeroCustomer - 监听活动sku库存消耗为0消息 topic: activity_sku_stock_zero message: {"data":200,"id":"07733369264","timestamp":1739526599859}
25-02-14.17:50:00.086 [main            ] INFO  RaffleOrderTest        - 测试结果：430562699505
25-02-14.17:50:05.010 [scheduling-1    ] INFO  UpdateActivitySkuStockJob - 定时任务，更新活动sku库存【延迟队列获取，降低对数据库的更新频次，不要产生竞争】
25-02-14.17:50:05.011 [scheduling-1    ] INFO  UpdateAwardStockJob    - 定时任务，更新奖品消耗库存【延迟队列获取，降低对数据库的更新频次，不要产生竞争】
25-02-14.17:50:08.277 [org.springframework.amqp.rabbit.RabbitListenerEndpointContainer#0-2] INFO  SimpleMessageListenerContainer - Waiting for workers to finish.
25-02-14.17:50:09.180 [org.springframework.amqp.rabbit.RabbitListenerEndpointContainer#0-2] INFO  SimpleMessageListenerContainer - Successfully waited for workers to finish.
25-02-14.17:50:09.182 [SpringApplicationShutdownHook] INFO  SimpleMessageListenerContainer - Shutdown ignored - container is already stopped
